***  Installation Started 07/16/97 14:57  ***
Title: Internet Navigator Project Files Installation
Source: D:\APPS\SETUP\INETNAV\INETNAVF.EXE
Made Dir: D:\Apps\INTERNET\Inetnav
File Copy: D:\Apps\INTERNET\Inetnav\SPLITH.CUR
File Copy: D:\Apps\INTERNET\Inetnav\NEWSVIEW.CPP
File Copy: D:\Apps\INTERNET\Inetnav\SPLASH.CPP
File Copy: D:\Apps\INTERNET\Inetnav\SOCKET.H
File Copy: D:\Apps\INTERNET\Inetnav\STATBAR.H
File Copy: D:\Apps\INTERNET\Inetnav\STATBAR.CPP
File Copy: D:\Apps\INTERNET\Inetnav\SPLITV.CUR
File Copy: D:\Apps\INTERNET\Inetnav\NEWSWND.CPP
File Copy: D:\Apps\INTERNET\Inetnav\NEWS.H
File Copy: D:\Apps\INTERNET\Inetnav\STDAFX.H
File Copy: D:\Apps\INTERNET\Inetnav\SOCKET.CPP
File Copy: D:\Apps\INTERNET\Inetnav\SARROWS.CUR
File Copy: D:\Apps\INTERNET\Inetnav\NEWSDOC.CPP
File Copy: D:\Apps\INTERNET\Inetnav\README.TXT
File Copy: D:\Apps\INTERNET\Inetnav\PROPSHTS.CPP
File Copy: D:\Apps\INTERNET\Inetnav\INETNAV.VCW
File Copy: D:\Apps\INTERNET\Inetnav\PROPSHTS.H
File Copy: D:\Apps\INTERNET\Inetnav\PREFVIEW.H
File Copy: D:\Apps\INTERNET\Inetnav\PREFVIEW.CPP
File Copy: D:\Apps\INTERNET\Inetnav\PREFSDOC.H
File Copy: D:\Apps\INTERNET\Inetnav\PREFSDOC.CPP
File Copy: D:\Apps\INTERNET\Inetnav\PERCENT.H
File Copy: D:\Apps\INTERNET\Inetnav\MAGNIFY.CUR
File Copy: D:\Apps\INTERNET\Inetnav\IRCWND.H
File Copy: D:\Apps\INTERNET\Inetnav\ASKSTAFF.H
File Copy: D:\Apps\INTERNET\Inetnav\MULTCOMP.CPP
File Copy: D:\Apps\INTERNET\Inetnav\MSGVIEW.CLP
File Copy: D:\Apps\INTERNET\Inetnav\TEXT.H
File Copy: D:\Apps\INTERNET\Inetnav\MAKEHMAP.BAT
File Copy: D:\Apps\INTERNET\Inetnav\MAINMENU.H
File Copy: D:\Apps\INTERNET\Inetnav\MOVE4WAY.CUR
File Copy: D:\Apps\INTERNET\Inetnav\MAKEHELP.BAT
File Copy: D:\Apps\INTERNET\Inetnav\MAINMENU.CPP
File Copy: D:\Apps\INTERNET\Inetnav\MAINFRM.H
File Copy: D:\Apps\INTERNET\Inetnav\MAINFRM.CPP
File Copy: D:\Apps\INTERNET\Inetnav\MAILLIST.CPP
File Copy: D:\Apps\INTERNET\Inetnav\MAIL.H
File Copy: D:\Apps\INTERNET\Inetnav\MAIL.CPP
File Copy: D:\Apps\INTERNET\Inetnav\DIALOGS.H
File Copy: D:\Apps\INTERNET\Inetnav\MAILWND.CPP
File Copy: D:\Apps\INTERNET\Inetnav\WHOISDOC.CPP
File Copy: D:\Apps\INTERNET\Inetnav\STDAFX.CPP
File Copy: D:\Apps\INTERNET\Inetnav\IRCWND.CPP
File Copy: D:\Apps\INTERNET\Inetnav\TOOLTIPB.CPP
File Copy: D:\Apps\INTERNET\Inetnav\IRCVIEW.CPP
File Copy: D:\Apps\INTERNET\Inetnav\WHOISVW.H
File Copy: D:\Apps\INTERNET\Inetnav\IRCVIEW.H
File Copy: D:\Apps\INTERNET\Inetnav\TIPOFDAY.H
File Copy: D:\Apps\INTERNET\Inetnav\CONNECTD.CPP
File Copy: D:\Apps\INTERNET\Inetnav\IRCERRS.H
File Copy: D:\Apps\INTERNET\Inetnav\IRCDOC.H
File Copy: D:\Apps\INTERNET\Inetnav\IRCDOC.CPP
File Copy: D:\Apps\INTERNET\Inetnav\GOPHER.H
File Copy: D:\Apps\INTERNET\Inetnav\INETNAV.WSP
File Copy: D:\Apps\INTERNET\Inetnav\WIZARDS.H
File Copy: D:\Apps\INTERNET\Inetnav\TIPOFDAY.CPP
File Copy: D:\Apps\INTERNET\Inetnav\FINGER.CPP
File Copy: D:\Apps\INTERNET\Inetnav\INETNAV.H
File Copy: D:\Apps\INTERNET\Inetnav\INETNAV.DEF
File Copy: D:\Apps\INTERNET\Inetnav\WHOISDOC.H
File Copy: D:\Apps\INTERNET\Inetnav\INETNAV.CLW
File Copy: D:\Apps\INTERNET\Inetnav\TOOLTIPB.H
File Copy: D:\Apps\INTERNET\Inetnav\INETNAV.CPP
File Copy: D:\Apps\INTERNET\Inetnav\TRCK4WAY.CUR
File Copy: D:\Apps\INTERNET\Inetnav\HELPINFO.H
File Copy: D:\Apps\INTERNET\Inetnav\WIZARDS.CPP
File Copy: D:\Apps\INTERNET\Inetnav\WHOISVW.CPP
File Copy: D:\Apps\INTERNET\Inetnav\TRCKNS.CUR
File Copy: D:\Apps\INTERNET\Inetnav\TRCKWE.CUR
File Copy: D:\Apps\INTERNET\Inetnav\HELPINFO.CPP
File Copy: D:\Apps\INTERNET\Inetnav\UPLOAD.TXT
File Copy: D:\Apps\INTERNET\Inetnav\DIALOGS.CPP
File Copy: D:\Apps\INTERNET\Inetnav\VARIABLE.CPP
File Copy: D:\Apps\INTERNET\Inetnav\HELP.CUR
File Copy: D:\Apps\INTERNET\Inetnav\WAITCUR.H
File Copy: D:\Apps\INTERNET\Inetnav\ERRNO.RC
File Copy: D:\Apps\INTERNET\Inetnav\GOPHER.CPP
File Copy: D:\Apps\INTERNET\Inetnav\TRCKNESW.CUR
File Copy: D:\Apps\INTERNET\Inetnav\TRANBMP.CPP
File Copy: D:\Apps\INTERNET\Inetnav\FTP.H
File Copy: D:\Apps\INTERNET\Inetnav\WHOISWND.H
File Copy: D:\Apps\INTERNET\Inetnav\FOLDER.BMP
File Copy: D:\Apps\INTERNET\Inetnav\INETNAV.MAK
File Copy: D:\Apps\INTERNET\Inetnav\TRCKNWSE.CUR
File Copy: D:\Apps\INTERNET\Inetnav\FINGER.H
File Copy: D:\Apps\INTERNET\Inetnav\NODROP.CUR
File Copy: D:\Apps\INTERNET\Inetnav\ASKSTAFF.CPP
File Copy: D:\Apps\INTERNET\Inetnav\TIPS.TXT
File Copy: D:\Apps\INTERNET\Inetnav\APPD.H
File Copy: D:\Apps\INTERNET\Inetnav\APPD.CPP
File Copy: D:\Apps\INTERNET\Inetnav\SPLASH.H
File Copy: D:\Apps\INTERNET\Inetnav\COMMDLG.BMP
File Copy: D:\Apps\INTERNET\Inetnav\TEXT.CPP
File Copy: D:\Apps\INTERNET\Inetnav\CONNECTD.H
File Copy: D:\Apps\INTERNET\Inetnav\RESOURCE.H
File Copy: D:\Apps\INTERNET\Inetnav\Inetnav.rc
File Copy: D:\Apps\INTERNET\Inetnav\Whoiswnd.cpp
File Copy: D:\Apps\INTERNET\Inetnav\INETNAV.EXE
File Copy: D:\Apps\INTERNET\Inetnav\Percent.cpp
File Copy: D:\Apps\INTERNET\Inetnav\Ftp.cpp
Made Dir: D:\Apps\INTERNET\Inetnav\RES
File Copy: D:\Apps\INTERNET\Inetnav\RES\INETBKUP.ICO
File Copy: D:\Apps\INTERNET\Inetnav\RES\RECYCLE.ICO
File Copy: D:\Apps\INTERNET\Inetnav\RES\HELPBOOK.ICO
File Copy: D:\Apps\INTERNET\Inetnav\RES\GOPHDEFD.BMP
File Copy: D:\Apps\INTERNET\Inetnav\RES\BACKF.BMP
File Copy: D:\Apps\INTERNET\Inetnav\RES\AOL.ICO
File Copy: D:\Apps\INTERNET\Inetnav\RES\INTRFOLD.ICO
File Copy: D:\Apps\INTERNET\Inetnav\RES\MADDRD.BMP
File Copy: D:\Apps\INTERNET\Inetnav\RES\INBKUP2.ICO
File Copy: D:\Apps\INTERNET\Inetnav\RES\NEWGROUP.ICO
File Copy: D:\Apps\INTERNET\Inetnav\RES\MINIINFO.BMP
File Copy: D:\Apps\INTERNET\Inetnav\RES\INTFOLD.BMP
File Copy: D:\Apps\INTERNET\Inetnav\RES\TRCKWE.CUR
File Copy: D:\Apps\INTERNET\Inetnav\RES\INETNAV.ICO
File Copy: D:\Apps\INTERNET\Inetnav\RES\BACKX.BMP
File Copy: D:\Apps\INTERNET\Inetnav\RES\INTRFILE.ICO
File Copy: D:\Apps\INTERNET\Inetnav\RES\GOPHDEFF.BMP
File Copy: D:\Apps\INTERNET\Inetnav\RES\GOPHDEFU.BMP
File Copy: D:\Apps\INTERNET\Inetnav\RES\WORLD.BMP
File Copy: D:\Apps\INTERNET\Inetnav\RES\SEARCHU.BMP
File Copy: D:\Apps\INTERNET\Inetnav\RES\CIS.BMP
File Copy: D:\Apps\INTERNET\Inetnav\RES\SEARCHF.BMP
File Copy: D:\Apps\INTERNET\Inetnav\RES\BACKU.BMP
File Copy: D:\Apps\INTERNET\Inetnav\RES\SEARCHD.BMP
File Copy: D:\Apps\INTERNET\Inetnav\RES\WHOISDOC.ICO
File Copy: D:\Apps\INTERNET\Inetnav\RES\CHOL.ICO
File Copy: D:\Apps\INTERNET\Inetnav\RES\TRCKNS.CUR
File Copy: D:\Apps\INTERNET\Inetnav\RES\OUTDOC.ICO
File Copy: D:\Apps\INTERNET\Inetnav\RES\TIPICON.ICO
File Copy: D:\Apps\INTERNET\Inetnav\RES\SPLITV.CUR
File Copy: D:\Apps\INTERNET\Inetnav\RES\TRCKNWSE.CUR
File Copy: D:\Apps\INTERNET\Inetnav\RES\MADDRU.BMP
File Copy: D:\Apps\INTERNET\Inetnav\RES\GRPMANX.BMP
File Copy: D:\Apps\INTERNET\Inetnav\RES\TEXTDOC.BMP
File Copy: D:\Apps\INTERNET\Inetnav\RES\SPLITH.CUR
File Copy: D:\Apps\INTERNET\Inetnav\RES\PREFS.ICO
File Copy: D:\Apps\INTERNET\Inetnav\RES\PREFSF.BMP
File Copy: D:\Apps\INTERNET\Inetnav\RES\POFFICEX.BMP
File Copy: D:\Apps\INTERNET\Inetnav\RES\TRCKNESW.CUR
File Copy: D:\Apps\INTERNET\Inetnav\RES\POFFICEU.BMP
File Copy: D:\Apps\INTERNET\Inetnav\RES\SEARCH.ICO
File Copy: D:\Apps\INTERNET\Inetnav\RES\SEARCH2.ICO
File Copy: D:\Apps\INTERNET\Inetnav\RES\PLACES.BMP
File Copy: D:\Apps\INTERNET\Inetnav\RES\RULERX.BMP
File Copy: D:\Apps\INTERNET\Inetnav\RES\RULERF.BMP
File Copy: D:\Apps\INTERNET\Inetnav\RES\PREFSX.BMP
File Copy: D:\Apps\INTERNET\Inetnav\RES\PSSCROLL.BMP
File Copy: D:\Apps\INTERNET\Inetnav\RES\SARROWS.CUR
File Copy: D:\Apps\INTERNET\Inetnav\RES\RULERU.BMP
File Copy: D:\Apps\INTERNET\Inetnav\RES\PREFSU.BMP
File Copy: D:\Apps\INTERNET\Inetnav\RES\PREFSD.BMP
File Copy: D:\Apps\INTERNET\Inetnav\RES\ASKSTAX.BMP
File Copy: D:\Apps\INTERNET\Inetnav\RES\GRPMAND.BMP
File Copy: D:\Apps\INTERNET\Inetnav\RES\ASKSTAFD.BMP
File Copy: D:\Apps\INTERNET\Inetnav\RES\FINGEDOC.ICO
File Copy: D:\Apps\INTERNET\Inetnav\RES\ASKSTAFF.BMP
File Copy: D:\Apps\INTERNET\Inetnav\RES\PRODIGY.BMP
File Copy: D:\Apps\INTERNET\Inetnav\RES\GROUPMAN.ICO
File Copy: D:\Apps\INTERNET\Inetnav\RES\ARTICLE.ICO
File Copy: D:\Apps\INTERNET\Inetnav\RES\POFFICEF.BMP
File Copy: D:\Apps\INTERNET\Inetnav\RES\GOPHER.ICO
File Copy: D:\Apps\INTERNET\Inetnav\RES\RULERD.BMP
File Copy: D:\Apps\INTERNET\Inetnav\RES\NODROP.CUR
File Copy: D:\Apps\INTERNET\Inetnav\RES\ALERT.BMP
File Copy: D:\Apps\INTERNET\Inetnav\RES\AMEROL.BMP
File Copy: D:\Apps\INTERNET\Inetnav\RES\NEWSU.BMP
File Copy: D:\Apps\INTERNET\Inetnav\RES\NEWSF.BMP
File Copy: D:\Apps\INTERNET\Inetnav\RES\NEWMAIL.ICO
File Copy: D:\Apps\INTERNET\Inetnav\RES\MOVE4WAY.CUR
File Copy: D:\Apps\INTERNET\Inetnav\RES\MINIEART.BMP
File Copy: D:\Apps\INTERNET\Inetnav\RES\MESSAGE.ICO
File Copy: D:\Apps\INTERNET\Inetnav\RES\POFFICED.BMP
File Copy: D:\Apps\INTERNET\Inetnav\RES\MAILDOC.BMP
File Copy: D:\Apps\INTERNET\Inetnav\RES\MAILCOMP.ICO
File Copy: D:\Apps\INTERNET\Inetnav\RES\NEWSD.BMP
File Copy: D:\Apps\INTERNET\Inetnav\RES\NWSAREA.ICO
File Copy: D:\Apps\INTERNET\Inetnav\RES\MAILDOC.ICO
File Copy: D:\Apps\INTERNET\Inetnav\RES\WORLD.ICO
File Copy: D:\Apps\INTERNET\Inetnav\RES\OPEN.BMP
File Copy: D:\Apps\INTERNET\Inetnav\RES\NEWSX.BMP
File Copy: D:\Apps\INTERNET\Inetnav\RES\INETNAV.RC2
File Copy: D:\Apps\INTERNET\Inetnav\RES\GNN.BMP
File Copy: D:\Apps\INTERNET\Inetnav\RES\HELPX.BMP
File Copy: D:\Apps\INTERNET\Inetnav\RES\MAINFRM2.ICO
File Copy: D:\Apps\INTERNET\Inetnav\RES\HELPINFX.BMP
File Copy: D:\Apps\INTERNET\Inetnav\RES\HELPINFU.BMP
File Copy: D:\Apps\INTERNET\Inetnav\RES\HELPINFO.BMP
File Copy: D:\Apps\INTERNET\Inetnav\RES\BLANK.BMP
File Copy: D:\Apps\INTERNET\Inetnav\RES\IRCDOC.ICO
File Copy: D:\Apps\INTERNET\Inetnav\RES\HELPD.BMP
File Copy: D:\Apps\INTERNET\Inetnav\RES\HELP.CUR
File Copy: D:\Apps\INTERNET\Inetnav\RES\HELPINFF.BMP
File Copy: D:\Apps\INTERNET\Inetnav\RES\IRCDOC.BMP
File Copy: D:\Apps\INTERNET\Inetnav\RES\GRPMANU.BMP
File Copy: D:\Apps\INTERNET\Inetnav\RES\HELPF.BMP
File Copy: D:\Apps\INTERNET\Inetnav\RES\FINGEDOC.BMP
File Copy: D:\Apps\INTERNET\Inetnav\RES\GROUPMAN.BMP
File Copy: D:\Apps\INTERNET\Inetnav\RES\GOPHDEFX.BMP
File Copy: D:\Apps\INTERNET\Inetnav\RES\GOPHERX.BMP
File Copy: D:\Apps\INTERNET\Inetnav\RES\HELPU.BMP
File Copy: D:\Apps\INTERNET\Inetnav\RES\GOPHERD.BMP
File Copy: D:\Apps\INTERNET\Inetnav\RES\GOPHDOC.BMP
File Copy: D:\Apps\INTERNET\Inetnav\RES\NEWS.ICO
File Copy: D:\Apps\INTERNET\Inetnav\RES\HELPINFD.BMP
File Copy: D:\Apps\INTERNET\Inetnav\RES\GNN.ICO
File Copy: D:\Apps\INTERNET\Inetnav\RES\GOPHBKUP.ICO
File Copy: D:\Apps\INTERNET\Inetnav\RES\LINK.BMP
File Copy: D:\Apps\INTERNET\Inetnav\RES\FTPF.BMP
File Copy: D:\Apps\INTERNET\Inetnav\RES\GNNICO.BMP
File Copy: D:\Apps\INTERNET\Inetnav\RES\GRPMANF.BMP
File Copy: D:\Apps\INTERNET\Inetnav\RES\FTPDOC.BMP
File Copy: D:\Apps\INTERNET\Inetnav\RES\FTPD.BMP
File Copy: D:\Apps\INTERNET\Inetnav\RES\FTPBKUP.ICO
File Copy: D:\Apps\INTERNET\Inetnav\RES\GOPHERF.BMP
File Copy: D:\Apps\INTERNET\Inetnav\RES\FINGERU.BMP
File Copy: D:\Apps\INTERNET\Inetnav\RES\FINGERF.BMP
File Copy: D:\Apps\INTERNET\Inetnav\RES\FINGERD.BMP
File Copy: D:\Apps\INTERNET\Inetnav\RES\FTPU.BMP
File Copy: D:\Apps\INTERNET\Inetnav\RES\WHOISU.BMP
File Copy: D:\Apps\INTERNET\Inetnav\RES\MADDRX.BMP
File Copy: D:\Apps\INTERNET\Inetnav\RES\WHOISDOC.BMP
File Copy: D:\Apps\INTERNET\Inetnav\RES\WHOISX.BMP
File Copy: D:\Apps\INTERNET\Inetnav\RES\ARTSEL.ICO
File Copy: D:\Apps\INTERNET\Inetnav\RES\EXPLORE2.BMP
File Copy: D:\Apps\INTERNET\Inetnav\RES\FINGER.BMP
File Copy: D:\Apps\INTERNET\Inetnav\RES\WHOISD.BMP
File Copy: D:\Apps\INTERNET\Inetnav\RES\ADDRBOOK.ICO
File Copy: D:\Apps\INTERNET\Inetnav\RES\TEXTDOC.ICO
File Copy: D:\Apps\INTERNET\Inetnav\RES\FILE.BMP
File Copy: D:\Apps\INTERNET\Inetnav\RES\FTPDOC.ICO
File Copy: D:\Apps\INTERNET\Inetnav\RES\TOOLBAR.BMP
File Copy: D:\Apps\INTERNET\Inetnav\RES\NEWSCOMP.ICO
File Copy: D:\Apps\INTERNET\Inetnav\RES\EARTH.ICO
File Copy: D:\Apps\INTERNET\Inetnav\RES\CHATU.BMP
File Copy: D:\Apps\INTERNET\Inetnav\RES\FINGERX.BMP
File Copy: D:\Apps\INTERNET\Inetnav\RES\TRCK4WAY.CUR
File Copy: D:\Apps\INTERNET\Inetnav\RES\BLANKX.BMP
File Copy: D:\Apps\INTERNET\Inetnav\RES\HELPINFO.ICO
File Copy: D:\Apps\INTERNET\Inetnav\RES\GNNWORKS.BMP
File Copy: D:\Apps\INTERNET\Inetnav\RES\CHAT.BMP
File Copy: D:\Apps\INTERNET\Inetnav\RES\BTNTRI.BMP
File Copy: D:\Apps\INTERNET\Inetnav\RES\MADDRF.BMP
File Copy: D:\Apps\INTERNET\Inetnav\RES\CHATF.BMP
File Copy: D:\Apps\INTERNET\Inetnav\RES\FTPX.BMP
File Copy: D:\Apps\INTERNET\Inetnav\RES\INTFILE.BMP
File Copy: D:\Apps\INTERNET\Inetnav\RES\SEARCH.BMP
File Copy: D:\Apps\INTERNET\Inetnav\RES\WHOISF.BMP
File Copy: D:\Apps\INTERNET\Inetnav\RES\CHATX.BMP
File Copy: D:\Apps\INTERNET\Inetnav\RES\3DCHECK.BMP
File Copy: D:\Apps\INTERNET\Inetnav\RES\CHATD.BMP
File Copy: D:\Apps\INTERNET\Inetnav\RES\GOPHERU.BMP
File Copy: D:\Apps\INTERNET\Inetnav\RES\AOL.BMP
File Copy: D:\Apps\INTERNET\Inetnav\RES\MAINMENU.ICO
File Copy: D:\Apps\INTERNET\Inetnav\RES\MAILFILE.BMP
File Copy: D:\Apps\INTERNET\Inetnav\RES\EXPLORE1.BMP
File Copy: D:\Apps\INTERNET\Inetnav\RES\GOPHDOC.ICO
File Copy: D:\Apps\INTERNET\Inetnav\RES\WINSOCK.ICO
File Copy: D:\Apps\INTERNET\Inetnav\RES\SEARCHX.BMP
File Copy: D:\Apps\INTERNET\Inetnav\RES\ASKSTAFF.ICO
File Copy: D:\Apps\INTERNET\Inetnav\RES\BACKD.BMP
File Copy: D:\Apps\INTERNET\Inetnav\RES\ASKSTAF.BMP
File Copy: D:\Apps\INTERNET\Inetnav\RES\ASKSTAD.BMP
File Copy: D:\Apps\INTERNET\Inetnav\RES\ASKSTAU.BMP
File Copy: D:\Apps\INTERNET\Inetnav\RES\ASKSTAFU.BMP
Made Dir: D:\Apps\INTERNET\Inetnav\HLP
File Copy: D:\Apps\INTERNET\Inetnav\HLP\PROMPTS.DOC
File Copy: D:\Apps\INTERNET\Inetnav\HLP\GLOSSARY.DOC
File Copy: D:\Apps\INTERNET\Inetnav\HLP\COMMANDS.DOC
File Copy: D:\Apps\INTERNET\Inetnav\HLP\WORLD.BMP
File Copy: D:\Apps\INTERNET\Inetnav\HLP\RHHC.BAT
File Copy: D:\Apps\INTERNET\Inetnav\HLP\DIALOGS.DOC
File Copy: D:\Apps\INTERNET\Inetnav\HLP\AREAS.DOC
File Copy: D:\Apps\INTERNET\Inetnav\HLP\AFXPRINT.RTF
File Copy: D:\Apps\INTERNET\Inetnav\HLP\INETNAV.HM
File Copy: D:\Apps\INTERNET\Inetnav\HLP\MAKEHMAP.BAT
File Copy: D:\Apps\INTERNET\Inetnav\HLP\AREAS.RBH
File Copy: D:\Apps\INTERNET\Inetnav\HLP\RHHC.PIF
File Copy: D:\Apps\INTERNET\Inetnav\HLP\AFXCORE.RTF
File Copy: D:\Apps\INTERNET\Inetnav\HLP\WHOIS.TXT
File Copy: D:\Apps\INTERNET\Inetnav\HLP\INETNAV.DOC
File Copy: D:\Apps\INTERNET\Inetnav\HLP\INETNAV.HPJ
File Copy: D:\Apps\INTERNET\Inetnav\HLP\COMMANDS.RBH
File Copy: D:\Apps\INTERNET\Inetnav\HLP\PROMPTS.RBH
File Copy: D:\Apps\INTERNET\Inetnav\HLP\INETNAV.RBH
File Copy: D:\Apps\INTERNET\Inetnav\HLP\GLOSSARY.RBH
File Copy: D:\Apps\INTERNET\Inetnav\HLP\DIALOGS.RBH
File Copy: D:\Apps\INTERNET\Inetnav\HLP\INETNAV.HLP
Made Dir: D:\Apps\INTERNET\Inetnav\HLP\BITMAPS
File Copy: D:\Apps\INTERNET\Inetnav\HLP\BITMAPS\BLANK.BMP
File Copy: D:\Apps\INTERNET\Inetnav\HLP\BITMAPS\EDITCUT.BMP
File Copy: D:\Apps\INTERNET\Inetnav\HLP\BITMAPS\APPEXIT.BMP
File Copy: D:\Apps\INTERNET\Inetnav\HLP\BITMAPS\BULLET.BMP
File Copy: D:\Apps\INTERNET\Inetnav\HLP\BITMAPS\HELPCUR.BMP
File Copy: D:\Apps\INTERNET\Inetnav\HLP\BITMAPS\CURHELP.BMP
File Copy: D:\Apps\INTERNET\Inetnav\HLP\BITMAPS\CHICLET.BMP
File Copy: D:\Apps\INTERNET\Inetnav\HLP\BITMAPS\CHAT.BMP
File Copy: D:\Apps\INTERNET\Inetnav\HLP\BITMAPS\FTPBTN.BMP
File Copy: D:\Apps\INTERNET\Inetnav\HLP\BITMAPS\EDITUNDO.BMP
File Copy: D:\Apps\INTERNET\Inetnav\HLP\BITMAPS\EMDASH.BMP
File Copy: D:\Apps\INTERNET\Inetnav\HLP\BITMAPS\FILEPRNT.BMP
File Copy: D:\Apps\INTERNET\Inetnav\HLP\BITMAPS\EDITPAST.BMP
File Copy: D:\Apps\INTERNET\Inetnav\HLP\BITMAPS\AOLBTN.BMP
File Copy: D:\Apps\INTERNET\Inetnav\HLP\BITMAPS\EDITREDO.BMP
File Copy: D:\Apps\INTERNET\Inetnav\HLP\BITMAPS\CLOSED.BMP
File Copy: D:\Apps\INTERNET\Inetnav\HLP\BITMAPS\FINGER.BMP
File Copy: D:\Apps\INTERNET\Inetnav\HLP\BITMAPS\CISBTN.BMP
File Copy: D:\Apps\INTERNET\Inetnav\HLP\BITMAPS\DOC.BMP
File Copy: D:\Apps\INTERNET\Inetnav\HLP\BITMAPS\FTPDOC.BMP
File Copy: D:\Apps\INTERNET\Inetnav\HLP\BITMAPS\CURARW2.BMP
File Copy: D:\Apps\INTERNET\Inetnav\HLP\BITMAPS\CURARW4.BMP
File Copy: D:\Apps\INTERNET\Inetnav\HLP\BITMAPS\EDITCOPY.BMP
File Copy: D:\Apps\INTERNET\Inetnav\HLP\BITMAPS\FAILCONN.BMP
File Copy: D:\Apps\INTERNET\Inetnav\HLP\BITMAPS\MAIL.BMP
File Copy: D:\Apps\INTERNET\Inetnav\HLP\BITMAPS\GOPHER.BMP
File Copy: D:\Apps\INTERNET\Inetnav\HLP\BITMAPS\HELPICON.BMP
File Copy: D:\Apps\INTERNET\Inetnav\HLP\BITMAPS\ICONSTOP.BMP
File Copy: D:\Apps\INTERNET\Inetnav\HLP\BITMAPS\FILE.BMP
File Copy: D:\Apps\INTERNET\Inetnav\HLP\BITMAPS\FILENEW.BMP
File Copy: D:\Apps\INTERNET\Inetnav\HLP\BITMAPS\GOPHBTN.BMP
File Copy: D:\Apps\INTERNET\Inetnav\HLP\BITMAPS\FILEOPEN.BMP
File Copy: D:\Apps\INTERNET\Inetnav\HLP\BITMAPS\IRCBTN.BMP
File Copy: D:\Apps\INTERNET\Inetnav\HLP\BITMAPS\RESTORE.BMP
File Copy: D:\Apps\INTERNET\Inetnav\HLP\BITMAPS\FOLDER.BMP
File Copy: D:\Apps\INTERNET\Inetnav\HLP\BITMAPS\FILEPREV.BMP
File Copy: D:\Apps\INTERNET\Inetnav\HLP\BITMAPS\FILESAVE.BMP
File Copy: D:\Apps\INTERNET\Inetnav\HLP\BITMAPS\FINGEBTN.BMP
File Copy: D:\Apps\INTERNET\Inetnav\HLP\BITMAPS\FTP.BMP
File Copy: D:\Apps\INTERNET\Inetnav\HLP\BITMAPS\HELPINFO.BMP
File Copy: D:\Apps\INTERNET\Inetnav\HLP\BITMAPS\INETNAV.BMP
File Copy: D:\Apps\INTERNET\Inetnav\HLP\BITMAPS\PRODBTN.BMP
File Copy: D:\Apps\INTERNET\Inetnav\HLP\BITMAPS\NEWS.BMP
File Copy: D:\Apps\INTERNET\Inetnav\HLP\BITMAPS\SCMAX.BMP
File Copy: D:\Apps\INTERNET\Inetnav\HLP\BITMAPS\HLPSBAR.BMP
File Copy: D:\Apps\INTERNET\Inetnav\HLP\BITMAPS\HLPTBAR.BMP
File Copy: D:\Apps\INTERNET\Inetnav\HLP\BITMAPS\MAINMENU.BMP
File Copy: D:\Apps\INTERNET\Inetnav\HLP\BITMAPS\ICONINFO.BMP
File Copy: D:\Apps\INTERNET\Inetnav\HLP\BITMAPS\PLUS.BMP
File Copy: D:\Apps\INTERNET\Inetnav\HLP\BITMAPS\MAILBTN.BMP
File Copy: D:\Apps\INTERNET\Inetnav\HLP\BITMAPS\LEAF.BMP
File Copy: D:\Apps\INTERNET\Inetnav\HLP\BITMAPS\ICONQUES.BMP
File Copy: D:\Apps\INTERNET\Inetnav\HLP\BITMAPS\ICONWARN.BMP
File Copy: D:\Apps\INTERNET\Inetnav\HLP\BITMAPS\MINIEART.BMP
File Copy: D:\Apps\INTERNET\Inetnav\HLP\BITMAPS\LINK.BMP
File Copy: D:\Apps\INTERNET\Inetnav\HLP\BITMAPS\NNTPBTN.BMP
File Copy: D:\Apps\INTERNET\Inetnav\HLP\BITMAPS\ASKSTAFF.BMP
File Copy: D:\Apps\INTERNET\Inetnav\HLP\BITMAPS\PREFICON.BMP
File Copy: D:\Apps\INTERNET\Inetnav\HLP\BITMAPS\SCMIN.BMP
File Copy: D:\Apps\INTERNET\Inetnav\HLP\BITMAPS\OPEN.BMP
File Copy: D:\Apps\INTERNET\Inetnav\HLP\BITMAPS\PAGESETU.BMP
File Copy: D:\Apps\INTERNET\Inetnav\HLP\BITMAPS\PRNSETUP.BMP
File Copy: D:\Apps\INTERNET\Inetnav\HLP\BITMAPS\MINUS.BMP
File Copy: D:\Apps\INTERNET\Inetnav\HLP\BITMAPS\WHOIS.BMP
File Copy: D:\Apps\INTERNET\Inetnav\HLP\BITMAPS\PREFS.BMP
File Copy: D:\Apps\INTERNET\Inetnav\HLP\BITMAPS\SCMENU.BMP
File Copy: D:\Apps\INTERNET\Inetnav\HLP\BITMAPS\TITLE.BMP
File Copy: D:\Apps\INTERNET\Inetnav\HLP\BITMAPS\WHOISBTN.BMP
File Copy: D:\Apps\INTERNET\Inetnav\HLP\BITMAPS\WORLD.BMP
File Copy: D:\Apps\INTERNET\Inetnav\HLP\BITMAPS\AMEROL.BMP
File Copy: D:\Apps\INTERNET\Inetnav\HLP\BITMAPS\MINIINFO.BMP
File Copy: D:\Apps\INTERNET\Inetnav\HLP\BITMAPS\CONTENTS.BMP
Made Dir: D:\Apps\INTERNET\Inetnav\HLP\README
File Copy: D:\Apps\INTERNET\Inetnav\HLP\README\README.RBH
File Copy: D:\Apps\INTERNET\Inetnav\HLP\README\RHHC.PIF
File Copy: D:\Apps\INTERNET\Inetnav\HLP\README\README.DOC
File Copy: D:\Apps\INTERNET\Inetnav\HLP\README\README.HLP
File Copy: D:\Apps\INTERNET\Inetnav\HLP\README\RHHC.BAT
File Copy: D:\Apps\INTERNET\Inetnav\HLP\README\README.HPJ
Made Dir: D:\Apps\INTERNET\Inetnav\HLP\SHG
File Copy: D:\Apps\INTERNET\Inetnav\HLP\SHG\ADDNWS.SHG
File Copy: D:\Apps\INTERNET\Inetnav\HLP\SHG\BOXWIZ1.SHG
File Copy: D:\Apps\INTERNET\Inetnav\HLP\SHG\USERINFO.SHG
File Copy: D:\Apps\INTERNET\Inetnav\HLP\SHG\EDITFIND.SHG
File Copy: D:\Apps\INTERNET\Inetnav\HLP\SHG\WHOAREA.SHG
File Copy: D:\Apps\INTERNET\Inetnav\HLP\SHG\NWSETUP.SHG
File Copy: D:\Apps\INTERNET\Inetnav\HLP\SHG\MAISETUP.SHG
File Copy: D:\Apps\INTERNET\Inetnav\HLP\SHG\FILESAVE.SHG
File Copy: D:\Apps\INTERNET\Inetnav\HLP\SHG\FINGAREA.SHG
File Copy: D:\Apps\INTERNET\Inetnav\HLP\SHG\FTPDLG.SHG
File Copy: D:\Apps\INTERNET\Inetnav\HLP\SHG\ADDRBK.SHG
File Copy: D:\Apps\INTERNET\Inetnav\HLP\SHG\MAILADDR.SHG
File Copy: D:\Apps\INTERNET\Inetnav\HLP\SHG\APPEXIT.SHG
File Copy: D:\Apps\INTERNET\Inetnav\HLP\SHG\ADDADDR.SHG
File Copy: D:\Apps\INTERNET\Inetnav\HLP\SHG\IRCDLG.SHG
File Copy: D:\Apps\INTERNET\Inetnav\HLP\SHG\NEWMAIL.SHG
File Copy: D:\Apps\INTERNET\Inetnav\HLP\SHG\DCONNECT.SHG
File Copy: D:\Apps\INTERNET\Inetnav\HLP\SHG\ARTAGE.SHG
File Copy: D:\Apps\INTERNET\Inetnav\HLP\SHG\MAINMENU.SHG
File Copy: D:\Apps\INTERNET\Inetnav\HLP\SHG\FILEPRNT.SHG
File Copy: D:\Apps\INTERNET\Inetnav\HLP\SHG\CONNECT.SHG
File Copy: D:\Apps\INTERNET\Inetnav\HLP\SHG\TIPOFDAY.SHG
File Copy: D:\Apps\INTERNET\Inetnav\HLP\SHG\HELPAREA.SHG
File Copy: D:\Apps\INTERNET\Inetnav\HLP\SHG\FIND.SHG
File Copy: D:\Apps\INTERNET\Inetnav\HLP\SHG\FONTDLG.SHG
File Copy: D:\Apps\INTERNET\Inetnav\HLP\SHG\FILEOPEN.SHG
File Copy: D:\Apps\INTERNET\Inetnav\HLP\SHG\GOPHSITE.SHG
File Copy: D:\Apps\INTERNET\Inetnav\HLP\SHG\DOWNLOAD.SHG
File Copy: D:\Apps\INTERNET\Inetnav\HLP\SHG\PRNSETUP.SHG
File Copy: D:\Apps\INTERNET\Inetnav\HLP\SHG\MAILCOMP.SHG
File Copy: D:\Apps\INTERNET\Inetnav\HLP\SHG\NEWBOX.SHG
File Copy: D:\Apps\INTERNET\Inetnav\HLP\SHG\GOPHAREA.SHG
File Copy: D:\Apps\INTERNET\Inetnav\HLP\SHG\BOXWIZ2.SHG
File Copy: D:\Apps\INTERNET\Inetnav\HLP\SHG\PREFAREA.SHG
File Copy: D:\Apps\INTERNET\Inetnav\HLP\SHG\PRNTPREV.SHG
File Copy: D:\Apps\INTERNET\Inetnav\HLP\SHG\REPLACE.SHG
File Copy: D:\Apps\INTERNET\Inetnav\HLP\SHG\INETMAIL.SHG
File Copy: D:\Apps\INTERNET\Inetnav\HLP\SHG\ABOUTBOX.SHG
File Copy: D:\Apps\INTERNET\Inetnav\HLP\SHG\FEEDBK1.SHG
File Copy: D:\Apps\INTERNET\Inetnav\HLP\SHG\FEEDBK2.SHG
File Copy: D:\Apps\INTERNET\Inetnav\HLP\SHG\FEEDBK3.SHG
File Copy: D:\Apps\INTERNET\Inetnav\HLP\SHG\FEEDBK4.SHG
File Copy: D:\Apps\INTERNET\Inetnav\HLP\SHG\FEEDBK5.SHG
File Copy: D:\Apps\INTERNET\Inetnav\HLP\SHG\TRANDONE.SHG
File Copy: D:\Apps\INTERNET\Inetnav\HLP\SHG\VIRUSCAN.SHG
File Copy: D:\Apps\INTERNET\Inetnav\HLP\SHG\MAILAREA.SHG
File Copy: D:\Apps\INTERNET\Inetnav\HLP\SHG\FTPAREA.SHG
File Copy: D:\Apps\INTERNET\Inetnav\HLP\SHG\GOPHHOME.SHG
File Copy: D:\Apps\INTERNET\Inetnav\HLP\SHG\ARTOPTS.SHG
File Copy: D:\Apps\INTERNET\Inetnav\HLP\SHG\NWSAREA.SHG
File Copy: D:\Apps\INTERNET\Inetnav\HLP\SHG\GROUPSEL.SHG
File Copy: D:\Apps\INTERNET\Inetnav\HLP\SHG\WELCOME.SHG
File Copy: D:\Apps\INTERNET\Inetnav\HLP\SHG\APPGEN.SHG
File Copy: D:\Apps\INTERNET\Inetnav\HLP\SHG\APPAREAS.SHG
File Copy: D:\Apps\INTERNET\Inetnav\HLP\SHG\FNGPREF.SHG
File Copy: D:\Apps\INTERNET\Inetnav\HLP\SHG\WHOPREF.SHG
File Copy: D:\Apps\INTERNET\Inetnav\HLP\SHG\FTPDIRS.SHG
File Copy: D:\Apps\INTERNET\Inetnav\HLP\SHG\FTPVIRUS.SHG
File Copy: D:\Apps\INTERNET\Inetnav\HLP\SHG\FTPPREF.SHG
File Copy: D:\Apps\INTERNET\Inetnav\HLP\SHG\IRCPREF.SHG
File Copy: D:\Apps\INTERNET\Inetnav\HLP\SHG\MAILPREF.SHG
File Copy: D:\Apps\INTERNET\Inetnav\HLP\SHG\NWSPREF.SHG
File Copy: D:\Apps\INTERNET\Inetnav\HLP\SHG\FILEDIR.SHG
File Copy: D:\Apps\INTERNET\Inetnav\HLP\SHG\GOPHPREF.SHG
File Copy: D:\Apps\INTERNET\Inetnav\HLP\SHG\BOXWIZ3.SHG
File Copy: D:\Apps\INTERNET\Inetnav\HLP\SHG\BOXWIZ4.SHG
File Copy: D:\Apps\INTERNET\Inetnav\HLP\SHG\BOXWIZ5.SHG
File Copy: D:\Apps\INTERNET\Inetnav\HLP\SHG\MAILSIG.SHG
File Copy: D:\Apps\INTERNET\Inetnav\HLP\SHG\BOXWIZ6.SHG
File Copy: D:\Apps\INTERNET\Inetnav\HLP\SHG\BOXWIZ7.SHG
File Copy: D:\Apps\INTERNET\Inetnav\HLP\SHG\MAILUSER.SHG
File Copy: D:\Apps\INTERNET\Inetnav\HLP\SHG\MAILMSG.SHG
File Copy: D:\Apps\INTERNET\Inetnav\HLP\SHG\FTPGREET.SHG
File Copy: D:\Apps\INTERNET\Inetnav\HLP\SHG\AOLDIR.SHG
File Copy: D:\Apps\INTERNET\Inetnav\HLP\SHG\ARTSEL.SHG
File Copy: D:\Apps\INTERNET\Inetnav\HLP\SHG\ARTICLE.SHG
File Copy: D:\Apps\INTERNET\Inetnav\HLP\SHG\PGSET1.SHG
File Copy: D:\Apps\INTERNET\Inetnav\HLP\SHG\PGSET2.SHG
File Copy: D:\Apps\INTERNET\Inetnav\HLP\SHG\EMLSETUP.SHG
File Copy: D:\Apps\INTERNET\Inetnav\HLP\SHG\NWSWIZ1.SHG
File Copy: D:\Apps\INTERNET\Inetnav\HLP\SHG\NWSWIZ2.SHG
File Copy: D:\Apps\INTERNET\Inetnav\HLP\SHG\NWSWIZ3.SHG
File Copy: D:\Apps\INTERNET\Inetnav\HLP\SHG\NWSWIZ4.SHG
File Copy: D:\Apps\INTERNET\Inetnav\HLP\SHG\NWSCOMP1.SHG
File Copy: D:\Apps\INTERNET\Inetnav\HLP\SHG\NWSCOMP3.SHG
File Copy: D:\Apps\INTERNET\Inetnav\HLP\SHG\NWSCOMP.SHG
File Copy: D:\Apps\INTERNET\Inetnav\HLP\SHG\NWSCOMP4.SHG
File Copy: D:\Apps\INTERNET\Inetnav\HLP\SHG\NWSCOMP5.SHG
File Copy: D:\Apps\INTERNET\Inetnav\HLP\SHG\NWSCOMP6.SHG
File Copy: D:\Apps\INTERNET\Inetnav\HLP\SHG\NEWSCOMP.SHG
File Copy: D:\Apps\INTERNET\Inetnav\HLP\SHG\FSHABORT.SHG
File Copy: D:\Apps\INTERNET\Inetnav\HLP\SHG\FSHBEGIN.SHG
File Copy: D:\Apps\INTERNET\Inetnav\HLP\SHG\COMPWIZ1.SHG
File Copy: D:\Apps\INTERNET\Inetnav\HLP\SHG\COMPWIZ2.SHG
File Copy: D:\Apps\INTERNET\Inetnav\HLP\SHG\COMPWIZ3.SHG
File Copy: D:\Apps\INTERNET\Inetnav\HLP\SHG\CHSRECIP.SHG
File Copy: D:\Apps\INTERNET\Inetnav\HLP\SHG\COMPWIZ4.SHG
File Copy: D:\Apps\INTERNET\Inetnav\HLP\SHG\COMPWIZ5.SHG
File Copy: D:\Apps\INTERNET\Inetnav\HLP\SHG\COMPWIZ6.SHG
File Copy: D:\Apps\INTERNET\Inetnav\HLP\SHG\FSHEND.SHG
File Copy: D:\Apps\INTERNET\Inetnav\HLP\SHG\SITEPROP.SHG
File Copy: D:\Apps\INTERNET\Inetnav\HLP\SHG\GHSEARCH.SHG
File Copy: D:\Apps\INTERNET\Inetnav\HLP\SHG\FTPPROP1.SHG
File Copy: D:\Apps\INTERNET\Inetnav\HLP\SHG\FTPPROP2.SHG
File Tree: D:\Apps\INTERNET\Inetnav\*.*
File Overwrite: C:\WINDOWS\UNWISE.EXE
RegDB Key: Software\Microsoft\Windows\CurrentVersion\Uninstall\Internet Navigator Project Files
RegDB Val: Internet Navigator Project Files
RegDB Name: DisplayName
RegDB Root: 2
RegDB Key: Software\Microsoft\Windows\CurrentVersion\Uninstall\Internet Navigator Project Files
RegDB Val: C:\WINDOWS\UNWISE.EXE D:\APPS\INTERNET\INETNAV\INSTALL.LOG
RegDB Name: UninstallString
RegDB Root: 2
***  Installation Started 08/01/98 0:45  ***
Title: Internet Navigator Project Files Installation
Source: C:\PROGRA~1\INTERN~2\DOWNLOAD\INETNAVF\INETNAVF.EXE
Made Dir: D:\Apps\Internet\Inetnav
File Copy: D:\Apps\Internet\Inetnav\NEWSWND.CPP
File Copy: D:\Apps\Internet\Inetnav\SPLITH.CUR
File Copy: D:\Apps\Internet\Inetnav\NEWSVIEW.CPP
File Copy: D:\Apps\Internet\Inetnav\SPLASH.CPP
File Copy: D:\Apps\Internet\Inetnav\SOCKET.H
File Copy: D:\Apps\Internet\Inetnav\STATBAR.H
File Copy: D:\Apps\Internet\Inetnav\STATBAR.CPP
File Copy: D:\Apps\Internet\Inetnav\SPLITV.CUR
File Copy: D:\Apps\Internet\Inetnav\IRCWND.H
File Copy: D:\Apps\Internet\Inetnav\README.TXT
File Copy: D:\Apps\Internet\Inetnav\NEWS.H
File Copy: D:\Apps\Internet\Inetnav\STDAFX.H
File Copy: D:\Apps\Internet\Inetnav\SOCKET.CPP
File Copy: D:\Apps\Internet\Inetnav\SARROWS.CUR
File Copy: D:\Apps\Internet\Inetnav\NEWSDOC.CPP
File Copy: D:\Apps\Internet\Inetnav\PROPSHTS.CPP
File Copy: D:\Apps\Internet\Inetnav\INETNAV.VCW
File Copy: D:\Apps\Internet\Inetnav\PROPSHTS.H
File Copy: D:\Apps\Internet\Inetnav\PREFVIEW.H
File Copy: D:\Apps\Internet\Inetnav\PREFVIEW.CPP
File Copy: D:\Apps\Internet\Inetnav\PREFSDOC.H
File Copy: D:\Apps\Internet\Inetnav\PREFSDOC.CPP
File Copy: D:\Apps\Internet\Inetnav\PERCENT.H
File Copy: D:\Apps\Internet\Inetnav\MAGNIFY.CUR
File Copy: D:\Apps\Internet\Inetnav\MAILWND.CPP
File Copy: D:\Apps\Internet\Inetnav\MAINMENU.H
File Copy: D:\Apps\Internet\Inetnav\ASKSTAFF.H
File Copy: D:\Apps\Internet\Inetnav\MULTCOMP.CPP
File Copy: D:\Apps\Internet\Inetnav\MSGVIEW.CLP
File Copy: D:\Apps\Internet\Inetnav\TEXT.H
File Copy: D:\Apps\Internet\Inetnav\MAKEHMAP.BAT
File Copy: D:\Apps\Internet\Inetnav\MOVE4WAY.CUR
File Copy: D:\Apps\Internet\Inetnav\MAKEHELP.BAT
File Copy: D:\Apps\Internet\Inetnav\MAINMENU.CPP
File Copy: D:\Apps\Internet\Inetnav\MAINFRM.H
File Copy: D:\Apps\Internet\Inetnav\MAINFRM.CPP
File Copy: D:\Apps\Internet\Inetnav\MAILLIST.CPP
File Copy: D:\Apps\Internet\Inetnav\MAIL.H
File Copy: D:\Apps\Internet\Inetnav\MAIL.CPP
File Copy: D:\Apps\Internet\Inetnav\DIALOGS.H
File Copy: D:\Apps\Internet\Inetnav\TIPOFDAY.CPP
File Copy: D:\Apps\Internet\Inetnav\WHOISVW.H
File Copy: D:\Apps\Internet\Inetnav\WHOISDOC.CPP
File Copy: D:\Apps\Internet\Inetnav\STDAFX.CPP
File Copy: D:\Apps\Internet\Inetnav\IRCWND.CPP
File Copy: D:\Apps\Internet\Inetnav\TOOLTIPB.CPP
File Copy: D:\Apps\Internet\Inetnav\IRCVIEW.CPP
File Copy: D:\Apps\Internet\Inetnav\IRCVIEW.H
File Copy: D:\Apps\Internet\Inetnav\TIPOFDAY.H
File Copy: D:\Apps\Internet\Inetnav\CONNECTD.CPP
File Copy: D:\Apps\Internet\Inetnav\IRCERRS.H
File Copy: D:\Apps\Internet\Inetnav\IRCDOC.H
File Copy: D:\Apps\Internet\Inetnav\IRCDOC.CPP
File Copy: D:\Apps\Internet\Inetnav\GOPHER.H
File Copy: D:\Apps\Internet\Inetnav\INETNAV.WSP
File Copy: D:\Apps\Internet\Inetnav\WIZARDS.H
File Copy: D:\Apps\Internet\Inetnav\DIALOGS.CPP
File Copy: D:\Apps\Internet\Inetnav\TOOLTIPB.H
File Copy: D:\Apps\Internet\Inetnav\FINGER.CPP
File Copy: D:\Apps\Internet\Inetnav\INETNAV.H
File Copy: D:\Apps\Internet\Inetnav\INETNAV.DEF
File Copy: D:\Apps\Internet\Inetnav\WHOISDOC.H
File Copy: D:\Apps\Internet\Inetnav\INETNAV.CLW
File Copy: D:\Apps\Internet\Inetnav\INSTALL.LOG
File Copy: D:\Apps\Internet\Inetnav\TRCK4WAY.CUR
File Copy: D:\Apps\Internet\Inetnav\HELPINFO.H
File Copy: D:\Apps\Internet\Inetnav\WIZARDS.CPP
File Copy: D:\Apps\Internet\Inetnav\WHOISVW.CPP
File Copy: D:\Apps\Internet\Inetnav\TRCKNS.CUR
File Copy: D:\Apps\Internet\Inetnav\TRCKWE.CUR
File Copy: D:\Apps\Internet\Inetnav\HELPINFO.CPP
File Copy: D:\Apps\Internet\Inetnav\UPLOAD.TXT
File Copy: D:\Apps\Internet\Inetnav\TIPS.TXT
File Copy: D:\Apps\Internet\Inetnav\TRCKNESW.CUR
File Copy: D:\Apps\Internet\Inetnav\VARIABLE.CPP
File Copy: D:\Apps\Internet\Inetnav\HELP.CUR
File Copy: D:\Apps\Internet\Inetnav\WAITCUR.H
File Copy: D:\Apps\Internet\Inetnav\ERRNO.RC
File Copy: D:\Apps\Internet\Inetnav\GOPHER.CPP
File Copy: D:\Apps\Internet\Inetnav\TRANBMP.CPP
File Copy: D:\Apps\Internet\Inetnav\FTP.H
File Copy: D:\Apps\Internet\Inetnav\WHOISWND.H
File Copy: D:\Apps\Internet\Inetnav\FOLDER.BMP
File Copy: D:\Apps\Internet\Inetnav\INETNAV.MAK
File Copy: D:\Apps\Internet\Inetnav\TRCKNWSE.CUR
File Copy: D:\Apps\Internet\Inetnav\FINGER.H
File Copy: D:\Apps\Internet\Inetnav\NODROP.CUR
File Copy: D:\Apps\Internet\Inetnav\ASKSTAFF.CPP
File Copy: D:\Apps\Internet\Inetnav\CONNECTD.H
File Copy: D:\Apps\Internet\Inetnav\APPD.H
File Copy: D:\Apps\Internet\Inetnav\APPD.CPP
File Copy: D:\Apps\Internet\Inetnav\SPLASH.H
File Copy: D:\Apps\Internet\Inetnav\COMMDLG.BMP
File Copy: D:\Apps\Internet\Inetnav\TEXT.CPP
File Copy: D:\Apps\Internet\Inetnav\Inetnav.rc
File Copy: D:\Apps\Internet\Inetnav\Whoiswnd.cpp
File Copy: D:\Apps\Internet\Inetnav\INETNAV.EXE
File Copy: D:\Apps\Internet\Inetnav\Percent.cpp
File Copy: D:\Apps\Internet\Inetnav\Ftp.cpp
File Copy: D:\Apps\Internet\Inetnav\Inetnav.aps
File Copy: D:\Apps\Internet\Inetnav\Inetnav.cpp
File Copy: D:\Apps\Internet\Inetnav\resource.h
Made Dir: D:\Apps\Internet\Inetnav\RES
File Copy: D:\Apps\Internet\Inetnav\RES\GOPHDEFD.BMP
File Copy: D:\Apps\Internet\Inetnav\RES\INETBKUP.ICO
File Copy: D:\Apps\Internet\Inetnav\RES\RECYCLE.ICO
File Copy: D:\Apps\Internet\Inetnav\RES\HELPBOOK.ICO
File Copy: D:\Apps\Internet\Inetnav\RES\SEARCHU.BMP
File Copy: D:\Apps\Internet\Inetnav\RES\NEWGROUP.ICO
File Copy: D:\Apps\Internet\Inetnav\RES\BACKF.BMP
File Copy: D:\Apps\Internet\Inetnav\RES\AOL.ICO
File Copy: D:\Apps\Internet\Inetnav\RES\INTRFOLD.ICO
File Copy: D:\Apps\Internet\Inetnav\RES\MADDRD.BMP
File Copy: D:\Apps\Internet\Inetnav\RES\INBKUP2.ICO
File Copy: D:\Apps\Internet\Inetnav\RES\MINIINFO.BMP
File Copy: D:\Apps\Internet\Inetnav\RES\INTFOLD.BMP
File Copy: D:\Apps\Internet\Inetnav\RES\TRCKWE.CUR
File Copy: D:\Apps\Internet\Inetnav\RES\INETNAV.ICO
File Copy: D:\Apps\Internet\Inetnav\RES\BACKX.BMP
File Copy: D:\Apps\Internet\Inetnav\RES\INTRFILE.ICO
File Copy: D:\Apps\Internet\Inetnav\RES\GOPHDEFF.BMP
File Copy: D:\Apps\Internet\Inetnav\RES\GOPHDEFU.BMP
File Copy: D:\Apps\Internet\Inetnav\RES\WORLD.BMP
File Copy: D:\Apps\Internet\Inetnav\RES\PREFS.ICO
File Copy: D:\Apps\Internet\Inetnav\RES\CHOL.ICO
File Copy: D:\Apps\Internet\Inetnav\RES\CIS.BMP
File Copy: D:\Apps\Internet\Inetnav\RES\SEARCHF.BMP
File Copy: D:\Apps\Internet\Inetnav\RES\BACKU.BMP
File Copy: D:\Apps\Internet\Inetnav\RES\SEARCHD.BMP
File Copy: D:\Apps\Internet\Inetnav\RES\WHOISDOC.ICO
File Copy: D:\Apps\Internet\Inetnav\RES\TRCKNS.CUR
File Copy: D:\Apps\Internet\Inetnav\RES\OUTDOC.ICO
File Copy: D:\Apps\Internet\Inetnav\RES\TIPICON.ICO
File Copy: D:\Apps\Internet\Inetnav\RES\SPLITV.CUR
File Copy: D:\Apps\Internet\Inetnav\RES\TRCKNWSE.CUR
File Copy: D:\Apps\Internet\Inetnav\RES\MADDRU.BMP
File Copy: D:\Apps\Internet\Inetnav\RES\GRPMANX.BMP
File Copy: D:\Apps\Internet\Inetnav\RES\TEXTDOC.BMP
File Copy: D:\Apps\Internet\Inetnav\RES\SPLITH.CUR
File Copy: D:\Apps\Internet\Inetnav\RES\ASKSTAX.BMP
File Copy: D:\Apps\Internet\Inetnav\RES\SEARCH2.ICO
File Copy: D:\Apps\Internet\Inetnav\RES\PREFSF.BMP
File Copy: D:\Apps\Internet\Inetnav\RES\POFFICEX.BMP
File Copy: D:\Apps\Internet\Inetnav\RES\TRCKNESW.CUR
File Copy: D:\Apps\Internet\Inetnav\RES\POFFICEU.BMP
File Copy: D:\Apps\Internet\Inetnav\RES\SEARCH.ICO
File Copy: D:\Apps\Internet\Inetnav\RES\PLACES.BMP
File Copy: D:\Apps\Internet\Inetnav\RES\RULERX.BMP
File Copy: D:\Apps\Internet\Inetnav\RES\RULERF.BMP
File Copy: D:\Apps\Internet\Inetnav\RES\PREFSX.BMP
File Copy: D:\Apps\Internet\Inetnav\RES\PSSCROLL.BMP
File Copy: D:\Apps\Internet\Inetnav\RES\SARROWS.CUR
File Copy: D:\Apps\Internet\Inetnav\RES\RULERU.BMP
File Copy: D:\Apps\Internet\Inetnav\RES\PREFSU.BMP
File Copy: D:\Apps\Internet\Inetnav\RES\PREFSD.BMP
File Copy: D:\Apps\Internet\Inetnav\RES\ASKSTAFU.BMP
File Copy: D:\Apps\Internet\Inetnav\RES\MAILFILE.BMP
File Copy: D:\Apps\Internet\Inetnav\RES\GRPMAND.BMP
File Copy: D:\Apps\Internet\Inetnav\RES\ASKSTAFD.BMP
File Copy: D:\Apps\Internet\Inetnav\RES\FINGEDOC.ICO
File Copy: D:\Apps\Internet\Inetnav\RES\ASKSTAFF.BMP
File Copy: D:\Apps\Internet\Inetnav\RES\PRODIGY.BMP
File Copy: D:\Apps\Internet\Inetnav\RES\GROUPMAN.ICO
File Copy: D:\Apps\Internet\Inetnav\RES\ARTICLE.ICO
File Copy: D:\Apps\Internet\Inetnav\RES\POFFICEF.BMP
File Copy: D:\Apps\Internet\Inetnav\RES\GOPHER.ICO
File Copy: D:\Apps\Internet\Inetnav\RES\RULERD.BMP
File Copy: D:\Apps\Internet\Inetnav\RES\NODROP.CUR
File Copy: D:\Apps\Internet\Inetnav\RES\AMEROL.BMP
File Copy: D:\Apps\Internet\Inetnav\RES\NEWSU.BMP
File Copy: D:\Apps\Internet\Inetnav\RES\NEWSF.BMP
File Copy: D:\Apps\Internet\Inetnav\RES\NEWMAIL.ICO
File Copy: D:\Apps\Internet\Inetnav\RES\MOVE4WAY.CUR
File Copy: D:\Apps\Internet\Inetnav\RES\MINIEART.BMP
File Copy: D:\Apps\Internet\Inetnav\RES\MESSAGE.ICO
File Copy: D:\Apps\Internet\Inetnav\RES\POFFICED.BMP
File Copy: D:\Apps\Internet\Inetnav\RES\MAILDOC.BMP
File Copy: D:\Apps\Internet\Inetnav\RES\MAILCOMP.ICO
File Copy: D:\Apps\Internet\Inetnav\RES\NEWSD.BMP
File Copy: D:\Apps\Internet\Inetnav\RES\NWSAREA.ICO
File Copy: D:\Apps\Internet\Inetnav\RES\MAILDOC.ICO
File Copy: D:\Apps\Internet\Inetnav\RES\WORLD.ICO
File Copy: D:\Apps\Internet\Inetnav\RES\OPEN.BMP
File Copy: D:\Apps\Internet\Inetnav\RES\NEWSX.BMP
File Copy: D:\Apps\Internet\Inetnav\RES\INETNAV.RC2
File Copy: D:\Apps\Internet\Inetnav\RES\GNN.BMP
File Copy: D:\Apps\Internet\Inetnav\RES\HELPX.BMP
File Copy: D:\Apps\Internet\Inetnav\RES\MAINFRM2.ICO
File Copy: D:\Apps\Internet\Inetnav\RES\HELPINFX.BMP
File Copy: D:\Apps\Internet\Inetnav\RES\HELPINFU.BMP
File Copy: D:\Apps\Internet\Inetnav\RES\HELPINFO.BMP
File Copy: D:\Apps\Internet\Inetnav\RES\BLANK.BMP
File Copy: D:\Apps\Internet\Inetnav\RES\IRCDOC.ICO
File Copy: D:\Apps\Internet\Inetnav\RES\HELPD.BMP
File Copy: D:\Apps\Internet\Inetnav\RES\HELP.CUR
File Copy: D:\Apps\Internet\Inetnav\RES\HELPINFF.BMP
File Copy: D:\Apps\Internet\Inetnav\RES\IRCDOC.BMP
File Copy: D:\Apps\Internet\Inetnav\RES\GRPMANU.BMP
File Copy: D:\Apps\Internet\Inetnav\RES\HELPF.BMP
File Copy: D:\Apps\Internet\Inetnav\RES\FINGEDOC.BMP
File Copy: D:\Apps\Internet\Inetnav\RES\GROUPMAN.BMP
File Copy: D:\Apps\Internet\Inetnav\RES\GOPHDEFX.BMP
File Copy: D:\Apps\Internet\Inetnav\RES\GOPHERX.BMP
File Copy: D:\Apps\Internet\Inetnav\RES\HELPU.BMP
File Copy: D:\Apps\Internet\Inetnav\RES\GOPHERD.BMP
File Copy: D:\Apps\Internet\Inetnav\RES\GOPHDOC.BMP
File Copy: D:\Apps\Internet\Inetnav\RES\NEWS.ICO
File Copy: D:\Apps\Internet\Inetnav\RES\HELPINFD.BMP
File Copy: D:\Apps\Internet\Inetnav\RES\GNN.ICO
File Copy: D:\Apps\Internet\Inetnav\RES\GOPHBKUP.ICO
File Copy: D:\Apps\Internet\Inetnav\RES\LINK.BMP
File Copy: D:\Apps\Internet\Inetnav\RES\FTPF.BMP
File Copy: D:\Apps\Internet\Inetnav\RES\GNNICO.BMP
File Copy: D:\Apps\Internet\Inetnav\RES\GRPMANF.BMP
File Copy: D:\Apps\Internet\Inetnav\RES\FTPDOC.BMP
File Copy: D:\Apps\Internet\Inetnav\RES\FTPD.BMP
File Copy: D:\Apps\Internet\Inetnav\RES\FTPBKUP.ICO
File Copy: D:\Apps\Internet\Inetnav\RES\GOPHERF.BMP
File Copy: D:\Apps\Internet\Inetnav\RES\FINGERU.BMP
File Copy: D:\Apps\Internet\Inetnav\RES\FINGERF.BMP
File Copy: D:\Apps\Internet\Inetnav\RES\FINGERD.BMP
File Copy: D:\Apps\Internet\Inetnav\RES\FTPU.BMP
File Copy: D:\Apps\Internet\Inetnav\RES\WHOISU.BMP
File Copy: D:\Apps\Internet\Inetnav\RES\MADDRX.BMP
File Copy: D:\Apps\Internet\Inetnav\RES\WHOISDOC.BMP
File Copy: D:\Apps\Internet\Inetnav\RES\WHOISX.BMP
File Copy: D:\Apps\Internet\Inetnav\RES\ARTSEL.ICO
File Copy: D:\Apps\Internet\Inetnav\RES\EXPLORE2.BMP
File Copy: D:\Apps\Internet\Inetnav\RES\FINGER.BMP
File Copy: D:\Apps\Internet\Inetnav\RES\WHOISD.BMP
File Copy: D:\Apps\Internet\Inetnav\RES\ADDRBOOK.ICO
File Copy: D:\Apps\Internet\Inetnav\RES\TEXTDOC.ICO
File Copy: D:\Apps\Internet\Inetnav\RES\FILE.BMP
File Copy: D:\Apps\Internet\Inetnav\RES\FTPDOC.ICO
File Copy: D:\Apps\Internet\Inetnav\RES\TOOLBAR.BMP
File Copy: D:\Apps\Internet\Inetnav\RES\NEWSCOMP.ICO
File Copy: D:\Apps\Internet\Inetnav\RES\EARTH.ICO
File Copy: D:\Apps\Internet\Inetnav\RES\CHATU.BMP
File Copy: D:\Apps\Internet\Inetnav\RES\FINGERX.BMP
File Copy: D:\Apps\Internet\Inetnav\RES\TRCK4WAY.CUR
File Copy: D:\Apps\Internet\Inetnav\RES\BLANKX.BMP
File Copy: D:\Apps\Internet\Inetnav\RES\HELPINFO.ICO
File Copy: D:\Apps\Internet\Inetnav\RES\GNNWORKS.BMP
File Copy: D:\Apps\Internet\Inetnav\RES\CHAT.BMP
File Copy: D:\Apps\Internet\Inetnav\RES\BTNTRI.BMP
File Copy: D:\Apps\Internet\Inetnav\RES\MADDRF.BMP
File Copy: D:\Apps\Internet\Inetnav\RES\CHATF.BMP
File Copy: D:\Apps\Internet\Inetnav\RES\FTPX.BMP
File Copy: D:\Apps\Internet\Inetnav\RES\INTFILE.BMP
File Copy: D:\Apps\Internet\Inetnav\RES\SEARCH.BMP
File Copy: D:\Apps\Internet\Inetnav\RES\WHOISF.BMP
File Copy: D:\Apps\Internet\Inetnav\RES\CHATX.BMP
File Copy: D:\Apps\Internet\Inetnav\RES\3DCHECK.BMP
File Copy: D:\Apps\Internet\Inetnav\RES\CHATD.BMP
File Copy: D:\Apps\Internet\Inetnav\RES\GOPHERU.BMP
File Copy: D:\Apps\Internet\Inetnav\RES\AOL.BMP
File Copy: D:\Apps\Internet\Inetnav\RES\MAINMENU.ICO
File Copy: D:\Apps\Internet\Inetnav\RES\EXPLORE1.BMP
File Copy: D:\Apps\Internet\Inetnav\RES\GOPHDOC.ICO
File Copy: D:\Apps\Internet\Inetnav\RES\WINSOCK.ICO
File Copy: D:\Apps\Internet\Inetnav\RES\SEARCHX.BMP
File Copy: D:\Apps\Internet\Inetnav\RES\ASKSTAFF.ICO
File Copy: D:\Apps\Internet\Inetnav\RES\BACKD.BMP
File Copy: D:\Apps\Internet\Inetnav\RES\ASKSTAF.BMP
File Copy: D:\Apps\Internet\Inetnav\RES\ASKSTAD.BMP
File Copy: D:\Apps\Internet\Inetnav\RES\ASKSTAU.BMP
File Copy: D:\Apps\Internet\Inetnav\RES\Alert.bmp
Made Dir: D:\Apps\Internet\Inetnav\HLP
File Copy: D:\Apps\Internet\Inetnav\HLP\PROMPTS.doc
File Copy: D:\Apps\Internet\Inetnav\HLP\INETNAV.ERR
File Copy: D:\Apps\Internet\Inetnav\HLP\COMMANDS.doc
File Copy: D:\Apps\Internet\Inetnav\HLP\WORLD.BMP
File Copy: D:\Apps\Internet\Inetnav\HLP\RHHC.BAT
File Copy: D:\Apps\Internet\Inetnav\HLP\INETNAV.HLP
File Copy: D:\Apps\Internet\Inetnav\HLP\AFXPRINT.RTF
File Copy: D:\Apps\Internet\Inetnav\HLP\INETNAV.HM
File Copy: D:\Apps\Internet\Inetnav\HLP\MAKEHMAP.BAT
File Copy: D:\Apps\Internet\Inetnav\HLP\AREAS.RBH
File Copy: D:\Apps\Internet\Inetnav\HLP\RHHC.PIF
File Copy: D:\Apps\Internet\Inetnav\HLP\AFXCORE.RTF
File Copy: D:\Apps\Internet\Inetnav\HLP\WHOIS.TXT
File Copy: D:\Apps\Internet\Inetnav\HLP\COMMANDS.RBH
File Copy: D:\Apps\Internet\Inetnav\HLP\PROMPTS.RBH
File Copy: D:\Apps\Internet\Inetnav\HLP\INETNAV.RBH
File Copy: D:\Apps\Internet\Inetnav\HLP\GLOSSARY.RBH
File Copy: D:\Apps\Internet\Inetnav\HLP\DIALOGS.RBH
File Copy: D:\Apps\Internet\Inetnav\HLP\INETNAV.rtk
File Copy: D:\Apps\Internet\Inetnav\HLP\INETNAV.rtf
File Copy: D:\Apps\Internet\Inetnav\HLP\GLOSSARY.doc
File Copy: D:\Apps\Internet\Inetnav\HLP\DIALOGS.doc
File Copy: D:\Apps\Internet\Inetnav\HLP\AREAS.doc
File Copy: D:\Apps\Internet\Inetnav\HLP\INETNAV.doc
File Copy: D:\Apps\Internet\Inetnav\HLP\INETNAV.rta
File Copy: D:\Apps\Internet\Inetnav\HLP\INETNAV.rts
File Copy: D:\Apps\Internet\Inetnav\HLP\INETNAV.hpj
File Copy: D:\Apps\Internet\Inetnav\HLP\AREAS.rtk
File Copy: D:\Apps\Internet\Inetnav\HLP\AREAS.rtf
File Copy: D:\Apps\Internet\Inetnav\HLP\COMMANDS.rtk
File Copy: D:\Apps\Internet\Inetnav\HLP\AREAS.rta
File Copy: D:\Apps\Internet\Inetnav\HLP\AREAS.rts
File Copy: D:\Apps\Internet\Inetnav\HLP\COMMANDS.rtf
File Copy: D:\Apps\Internet\Inetnav\HLP\DIALOGS.rtk
File Copy: D:\Apps\Internet\Inetnav\HLP\COMMANDS.rta
File Copy: D:\Apps\Internet\Inetnav\HLP\COMMANDS.rts
File Copy: D:\Apps\Internet\Inetnav\HLP\DIALOGS.rtf
File Copy: D:\Apps\Internet\Inetnav\HLP\GLOSSARY.rtk
File Copy: D:\Apps\Internet\Inetnav\HLP\DIALOGS.rta
File Copy: D:\Apps\Internet\Inetnav\HLP\DIALOGS.rts
File Copy: D:\Apps\Internet\Inetnav\HLP\GLOSSARY.rtf
File Copy: D:\Apps\Internet\Inetnav\HLP\PROMPTS.rtk
File Copy: D:\Apps\Internet\Inetnav\HLP\GLOSSARY.rta
File Copy: D:\Apps\Internet\Inetnav\HLP\GLOSSARY.rts
File Copy: D:\Apps\Internet\Inetnav\HLP\PROMPTS.rtf
File Copy: D:\Apps\Internet\Inetnav\HLP\PROMPTS.rta
File Copy: D:\Apps\Internet\Inetnav\HLP\PROMPTS.rts
Made Dir: D:\Apps\Internet\Inetnav\HLP\BITMAPS
File Copy: D:\Apps\Internet\Inetnav\HLP\BITMAPS\EDITUNDO.BMP
File Copy: D:\Apps\Internet\Inetnav\HLP\BITMAPS\BLANK.BMP
File Copy: D:\Apps\Internet\Inetnav\HLP\BITMAPS\EDITCUT.BMP
File Copy: D:\Apps\Internet\Inetnav\HLP\BITMAPS\APPEXIT.BMP
File Copy: D:\Apps\Internet\Inetnav\HLP\BITMAPS\BULLET.BMP
File Copy: D:\Apps\Internet\Inetnav\HLP\BITMAPS\HELPCUR.BMP
File Copy: D:\Apps\Internet\Inetnav\HLP\BITMAPS\CURHELP.BMP
File Copy: D:\Apps\Internet\Inetnav\HLP\BITMAPS\CHICLET.BMP
File Copy: D:\Apps\Internet\Inetnav\HLP\BITMAPS\CHAT.BMP
File Copy: D:\Apps\Internet\Inetnav\HLP\BITMAPS\FTPBTN.BMP
File Copy: D:\Apps\Internet\Inetnav\HLP\BITMAPS\GOPHER.BMP
File Copy: D:\Apps\Internet\Inetnav\HLP\BITMAPS\CLOSED.BMP
File Copy: D:\Apps\Internet\Inetnav\HLP\BITMAPS\EMDASH.BMP
File Copy: D:\Apps\Internet\Inetnav\HLP\BITMAPS\FILEPRNT.BMP
File Copy: D:\Apps\Internet\Inetnav\HLP\BITMAPS\EDITPAST.BMP
File Copy: D:\Apps\Internet\Inetnav\HLP\BITMAPS\AOLBTN.BMP
File Copy: D:\Apps\Internet\Inetnav\HLP\BITMAPS\EDITREDO.BMP
File Copy: D:\Apps\Internet\Inetnav\HLP\BITMAPS\FINGER.BMP
File Copy: D:\Apps\Internet\Inetnav\HLP\BITMAPS\CISBTN.BMP
File Copy: D:\Apps\Internet\Inetnav\HLP\BITMAPS\DOC.BMP
File Copy: D:\Apps\Internet\Inetnav\HLP\BITMAPS\FTPDOC.BMP
File Copy: D:\Apps\Internet\Inetnav\HLP\BITMAPS\CURARW2.BMP
File Copy: D:\Apps\Internet\Inetnav\HLP\BITMAPS\CURARW4.BMP
File Copy: D:\Apps\Internet\Inetnav\HLP\BITMAPS\EDITCOPY.BMP
File Copy: D:\Apps\Internet\Inetnav\HLP\BITMAPS\FAILCONN.BMP
File Copy: D:\Apps\Internet\Inetnav\HLP\BITMAPS\MAIL.BMP
File Copy: D:\Apps\Internet\Inetnav\HLP\BITMAPS\PRODBTN.BMP
File Copy: D:\Apps\Internet\Inetnav\HLP\BITMAPS\FILEOPEN.BMP
File Copy: D:\Apps\Internet\Inetnav\HLP\BITMAPS\HELPICON.BMP
File Copy: D:\Apps\Internet\Inetnav\HLP\BITMAPS\ICONSTOP.BMP
File Copy: D:\Apps\Internet\Inetnav\HLP\BITMAPS\FILE.BMP
File Copy: D:\Apps\Internet\Inetnav\HLP\BITMAPS\FILENEW.BMP
File Copy: D:\Apps\Internet\Inetnav\HLP\BITMAPS\GOPHBTN.BMP
File Copy: D:\Apps\Internet\Inetnav\HLP\BITMAPS\IRCBTN.BMP
File Copy: D:\Apps\Internet\Inetnav\HLP\BITMAPS\RESTORE.BMP
File Copy: D:\Apps\Internet\Inetnav\HLP\BITMAPS\FOLDER.BMP
File Copy: D:\Apps\Internet\Inetnav\HLP\BITMAPS\FILEPREV.BMP
File Copy: D:\Apps\Internet\Inetnav\HLP\BITMAPS\FILESAVE.BMP
File Copy: D:\Apps\Internet\Inetnav\HLP\BITMAPS\FINGEBTN.BMP
File Copy: D:\Apps\Internet\Inetnav\HLP\BITMAPS\FTP.BMP
File Copy: D:\Apps\Internet\Inetnav\HLP\BITMAPS\HELPINFO.BMP
File Copy: D:\Apps\Internet\Inetnav\HLP\BITMAPS\INETNAV.BMP
File Copy: D:\Apps\Internet\Inetnav\HLP\BITMAPS\PREFICON.BMP
File Copy: D:\Apps\Internet\Inetnav\HLP\BITMAPS\ICONINFO.BMP
File Copy: D:\Apps\Internet\Inetnav\HLP\BITMAPS\NEWS.BMP
File Copy: D:\Apps\Internet\Inetnav\HLP\BITMAPS\SCMAX.BMP
File Copy: D:\Apps\Internet\Inetnav\HLP\BITMAPS\HLPSBAR.BMP
File Copy: D:\Apps\Internet\Inetnav\HLP\BITMAPS\HLPTBAR.BMP
File Copy: D:\Apps\Internet\Inetnav\HLP\BITMAPS\MAINMENU.BMP
File Copy: D:\Apps\Internet\Inetnav\HLP\BITMAPS\PLUS.BMP
File Copy: D:\Apps\Internet\Inetnav\HLP\BITMAPS\MAILBTN.BMP
File Copy: D:\Apps\Internet\Inetnav\HLP\BITMAPS\LEAF.BMP
File Copy: D:\Apps\Internet\Inetnav\HLP\BITMAPS\ICONQUES.BMP
File Copy: D:\Apps\Internet\Inetnav\HLP\BITMAPS\ICONWARN.BMP
File Copy: D:\Apps\Internet\Inetnav\HLP\BITMAPS\MINIEART.BMP
File Copy: D:\Apps\Internet\Inetnav\HLP\BITMAPS\LINK.BMP
File Copy: D:\Apps\Internet\Inetnav\HLP\BITMAPS\NNTPBTN.BMP
File Copy: D:\Apps\Internet\Inetnav\HLP\BITMAPS\ASKSTAFF.BMP
File Copy: D:\Apps\Internet\Inetnav\HLP\BITMAPS\WHOIS.BMP
File Copy: D:\Apps\Internet\Inetnav\HLP\BITMAPS\SCMIN.BMP
File Copy: D:\Apps\Internet\Inetnav\HLP\BITMAPS\OPEN.BMP
File Copy: D:\Apps\Internet\Inetnav\HLP\BITMAPS\PAGESETU.BMP
File Copy: D:\Apps\Internet\Inetnav\HLP\BITMAPS\PRNSETUP.BMP
File Copy: D:\Apps\Internet\Inetnav\HLP\BITMAPS\MINUS.BMP
File Copy: D:\Apps\Internet\Inetnav\HLP\BITMAPS\PREFS.BMP
File Copy: D:\Apps\Internet\Inetnav\HLP\BITMAPS\SCMENU.BMP
File Copy: D:\Apps\Internet\Inetnav\HLP\BITMAPS\TITLE.BMP
File Copy: D:\Apps\Internet\Inetnav\HLP\BITMAPS\WHOISBTN.BMP
File Copy: D:\Apps\Internet\Inetnav\HLP\BITMAPS\WORLD.BMP
File Copy: D:\Apps\Internet\Inetnav\HLP\BITMAPS\AMEROL.BMP
File Copy: D:\Apps\Internet\Inetnav\HLP\BITMAPS\MINIINFO.BMP
File Copy: D:\Apps\Internet\Inetnav\HLP\BITMAPS\CONTENTS.BMP
Made Dir: D:\Apps\Internet\Inetnav\HLP\README
File Copy: D:\Apps\Internet\Inetnav\HLP\README\RHHC.PIF
File Copy: D:\Apps\Internet\Inetnav\HLP\README\README.RBH
File Copy: D:\Apps\Internet\Inetnav\HLP\README\README.DOC
File Copy: D:\Apps\Internet\Inetnav\HLP\README\README.HLP
File Copy: D:\Apps\Internet\Inetnav\HLP\README\RHHC.BAT
File Copy: D:\Apps\Internet\Inetnav\HLP\README\README.HPJ
Made Dir: D:\Apps\Internet\Inetnav\HLP\SHG
File Copy: D:\Apps\Internet\Inetnav\HLP\SHG\MAILADDR.SHG
File Copy: D:\Apps\Internet\Inetnav\HLP\SHG\BOXWIZ1.SHG
File Copy: D:\Apps\Internet\Inetnav\HLP\SHG\ADDNWS.SHG
File Copy: D:\Apps\Internet\Inetnav\HLP\SHG\USERINFO.SHG
File Copy: D:\Apps\Internet\Inetnav\HLP\SHG\EDITFIND.SHG
File Copy: D:\Apps\Internet\Inetnav\HLP\SHG\WHOAREA.SHG
File Copy: D:\Apps\Internet\Inetnav\HLP\SHG\NWSETUP.SHG
File Copy: D:\Apps\Internet\Inetnav\HLP\SHG\MAISETUP.SHG
File Copy: D:\Apps\Internet\Inetnav\HLP\SHG\FILESAVE.SHG
File Copy: D:\Apps\Internet\Inetnav\HLP\SHG\FINGAREA.SHG
File Copy: D:\Apps\Internet\Inetnav\HLP\SHG\FTPDLG.SHG
File Copy: D:\Apps\Internet\Inetnav\HLP\SHG\ADDRBK.SHG
File Copy: D:\Apps\Internet\Inetnav\HLP\SHG\DOWNLOAD.SHG
File Copy: D:\Apps\Internet\Inetnav\HLP\SHG\ARTAGE.SHG
File Copy: D:\Apps\Internet\Inetnav\HLP\SHG\APPEXIT.SHG
File Copy: D:\Apps\Internet\Inetnav\HLP\SHG\ADDADDR.SHG
File Copy: D:\Apps\Internet\Inetnav\HLP\SHG\IRCDLG.SHG
File Copy: D:\Apps\Internet\Inetnav\HLP\SHG\NEWMAIL.SHG
File Copy: D:\Apps\Internet\Inetnav\HLP\SHG\DCONNECT.SHG
File Copy: D:\Apps\Internet\Inetnav\HLP\SHG\MAINMENU.SHG
File Copy: D:\Apps\Internet\Inetnav\HLP\SHG\FILEPRNT.SHG
File Copy: D:\Apps\Internet\Inetnav\HLP\SHG\CONNECT.SHG
File Copy: D:\Apps\Internet\Inetnav\HLP\SHG\TIPOFDAY.SHG
File Copy: D:\Apps\Internet\Inetnav\HLP\SHG\HELPAREA.SHG
File Copy: D:\Apps\Internet\Inetnav\HLP\SHG\FIND.SHG
File Copy: D:\Apps\Internet\Inetnav\HLP\SHG\FONTDLG.SHG
File Copy: D:\Apps\Internet\Inetnav\HLP\SHG\FILEOPEN.SHG
File Copy: D:\Apps\Internet\Inetnav\HLP\SHG\GOPHSITE.SHG
File Copy: D:\Apps\Internet\Inetnav\HLP\SHG\TRANDONE.SHG
File Copy: D:\Apps\Internet\Inetnav\HLP\SHG\PREFAREA.SHG
File Copy: D:\Apps\Internet\Inetnav\HLP\SHG\PRNSETUP.SHG
File Copy: D:\Apps\Internet\Inetnav\HLP\SHG\MAILCOMP.SHG
File Copy: D:\Apps\Internet\Inetnav\HLP\SHG\NEWBOX.SHG
File Copy: D:\Apps\Internet\Inetnav\HLP\SHG\GOPHAREA.SHG
File Copy: D:\Apps\Internet\Inetnav\HLP\SHG\BOXWIZ2.SHG
File Copy: D:\Apps\Internet\Inetnav\HLP\SHG\PRNTPREV.SHG
File Copy: D:\Apps\Internet\Inetnav\HLP\SHG\REPLACE.SHG
File Copy: D:\Apps\Internet\Inetnav\HLP\SHG\INETMAIL.SHG
File Copy: D:\Apps\Internet\Inetnav\HLP\SHG\ABOUTBOX.SHG
File Copy: D:\Apps\Internet\Inetnav\HLP\SHG\FEEDBK1.SHG
File Copy: D:\Apps\Internet\Inetnav\HLP\SHG\FEEDBK2.SHG
File Copy: D:\Apps\Internet\Inetnav\HLP\SHG\FEEDBK3.SHG
File Copy: D:\Apps\Internet\Inetnav\HLP\SHG\FEEDBK4.SHG
File Copy: D:\Apps\Internet\Inetnav\HLP\SHG\FEEDBK5.SHG
File Copy: D:\Apps\Internet\Inetnav\HLP\SHG\VIRUSCAN.SHG
File Copy: D:\Apps\Internet\Inetnav\HLP\SHG\MAILAREA.SHG
File Copy: D:\Apps\Internet\Inetnav\HLP\SHG\FTPAREA.SHG
File Copy: D:\Apps\Internet\Inetnav\HLP\SHG\GOPHHOME.SHG
File Copy: D:\Apps\Internet\Inetnav\HLP\SHG\ARTOPTS.SHG
File Copy: D:\Apps\Internet\Inetnav\HLP\SHG\NWSAREA.SHG
File Copy: D:\Apps\Internet\Inetnav\HLP\SHG\GROUPSEL.SHG
File Copy: D:\Apps\Internet\Inetnav\HLP\SHG\WELCOME.SHG
File Copy: D:\Apps\Internet\Inetnav\HLP\SHG\APPGEN.SHG
File Copy: D:\Apps\Internet\Inetnav\HLP\SHG\APPAREAS.SHG
File Copy: D:\Apps\Internet\Inetnav\HLP\SHG\FNGPREF.SHG
File Copy: D:\Apps\Internet\Inetnav\HLP\SHG\WHOPREF.SHG
File Copy: D:\Apps\Internet\Inetnav\HLP\SHG\FTPDIRS.SHG
File Copy: D:\Apps\Internet\Inetnav\HLP\SHG\FTPVIRUS.SHG
File Copy: D:\Apps\Internet\Inetnav\HLP\SHG\FTPPREF.SHG
File Copy: D:\Apps\Internet\Inetnav\HLP\SHG\IRCPREF.SHG
File Copy: D:\Apps\Internet\Inetnav\HLP\SHG\MAILPREF.SHG
File Copy: D:\Apps\Internet\Inetnav\HLP\SHG\NWSPREF.SHG
File Copy: D:\Apps\Internet\Inetnav\HLP\SHG\FILEDIR.SHG
File Copy: D:\Apps\Internet\Inetnav\HLP\SHG\GOPHPREF.SHG
File Copy: D:\Apps\Internet\Inetnav\HLP\SHG\BOXWIZ3.SHG
File Copy: D:\Apps\Internet\Inetnav\HLP\SHG\BOXWIZ4.SHG
File Copy: D:\Apps\Internet\Inetnav\HLP\SHG\BOXWIZ5.SHG
File Copy: D:\Apps\Internet\Inetnav\HLP\SHG\MAILSIG.SHG
File Copy: D:\Apps\Internet\Inetnav\HLP\SHG\BOXWIZ6.SHG
File Copy: D:\Apps\Internet\Inetnav\HLP\SHG\BOXWIZ7.SHG
File Copy: D:\Apps\Internet\Inetnav\HLP\SHG\MAILUSER.SHG
File Copy: D:\Apps\Internet\Inetnav\HLP\SHG\MAILMSG.SHG
File Copy: D:\Apps\Internet\Inetnav\HLP\SHG\FTPGREET.SHG
File Copy: D:\Apps\Internet\Inetnav\HLP\SHG\AOLDIR.SHG
File Copy: D:\Apps\Internet\Inetnav\HLP\SHG\ARTSEL.SHG
File Copy: D:\Apps\Internet\Inetnav\HLP\SHG\ARTICLE.SHG
File Copy: D:\Apps\Internet\Inetnav\HLP\SHG\PGSET1.SHG
File Copy: D:\Apps\Internet\Inetnav\HLP\SHG\PGSET2.SHG
File Copy: D:\Apps\Internet\Inetnav\HLP\SHG\EMLSETUP.SHG
File Copy: D:\Apps\Internet\Inetnav\HLP\SHG\NWSWIZ1.SHG
File Copy: D:\Apps\Internet\Inetnav\HLP\SHG\NWSWIZ2.SHG
File Copy: D:\Apps\Internet\Inetnav\HLP\SHG\NWSWIZ3.SHG
File Copy: D:\Apps\Internet\Inetnav\HLP\SHG\NWSWIZ4.SHG
File Copy: D:\Apps\Internet\Inetnav\HLP\SHG\NWSCOMP1.SHG
File Copy: D:\Apps\Internet\Inetnav\HLP\SHG\NWSCOMP3.SHG
File Copy: D:\Apps\Internet\Inetnav\HLP\SHG\NWSCOMP.SHG
File Copy: D:\Apps\Internet\Inetnav\HLP\SHG\NWSCOMP4.SHG
File Copy: D:\Apps\Internet\Inetnav\HLP\SHG\NWSCOMP5.SHG
File Copy: D:\Apps\Internet\Inetnav\HLP\SHG\NWSCOMP6.SHG
File Copy: D:\Apps\Internet\Inetnav\HLP\SHG\NEWSCOMP.SHG
File Copy: D:\Apps\Internet\Inetnav\HLP\SHG\FSHABORT.SHG
File Copy: D:\Apps\Internet\Inetnav\HLP\SHG\FSHBEGIN.SHG
File Copy: D:\Apps\Internet\Inetnav\HLP\SHG\COMPWIZ1.SHG
File Copy: D:\Apps\Internet\Inetnav\HLP\SHG\COMPWIZ2.SHG
File Copy: D:\Apps\Internet\Inetnav\HLP\SHG\COMPWIZ3.SHG
File Copy: D:\Apps\Internet\Inetnav\HLP\SHG\CHSRECIP.SHG
File Copy: D:\Apps\Internet\Inetnav\HLP\SHG\COMPWIZ4.SHG
File Copy: D:\Apps\Internet\Inetnav\HLP\SHG\COMPWIZ5.SHG
File Copy: D:\Apps\Internet\Inetnav\HLP\SHG\COMPWIZ6.SHG
File Copy: D:\Apps\Internet\Inetnav\HLP\SHG\FSHEND.SHG
File Copy: D:\Apps\Internet\Inetnav\HLP\SHG\SITEPROP.SHG
File Copy: D:\Apps\Internet\Inetnav\HLP\SHG\GHSEARCH.SHG
File Copy: D:\Apps\Internet\Inetnav\HLP\SHG\FTPPROP1.SHG
File Copy: D:\Apps\Internet\Inetnav\HLP\SHG\FTPPROP2.SHG
File Tree: D:\Apps\Internet\Inetnav\*.*
File Overwrite: C:\WINDOWS\Unwise.exe
RegDB Key: Software\Microsoft\Windows\CurrentVersion\Uninstall\Internet Navigator Project Files
RegDB Val: Internet Navigator Project Files
RegDB Name: DisplayName
RegDB Root: 2
RegDB Key: Software\Microsoft\Windows\CurrentVersion\Uninstall\Internet Navigator Project Files
RegDB Val: C:\WINDOWS\UnWise.exe D:\APPS\INTERNET\INETNAV\Install.log
RegDB Name: UninstallString
RegDB Root: 2
***  Installation Started 07/23/99 10:38  ***
Title: Internet Navigator Project Files Installation
Source: C:\APPS\SETUP\INETNAV\INETNAVF.EXE
Made Dir: C:\Apps\Internet\Inetnav
File Copy: C:\Apps\Internet\Inetnav\SPLITV.CUR
File Copy: C:\Apps\Internet\Inetnav\NEWSWND.CPP
File Copy: C:\Apps\Internet\Inetnav\SPLITH.CUR
File Copy: C:\Apps\Internet\Inetnav\NEWSVIEW.CPP
File Copy: C:\Apps\Internet\Inetnav\SPLASH.CPP
File Copy: C:\Apps\Internet\Inetnav\SOCKET.H
File Copy: C:\Apps\Internet\Inetnav\STATBAR.H
File Copy: C:\Apps\Internet\Inetnav\STATBAR.CPP
File Copy: C:\Apps\Internet\Inetnav\MAGNIFY.CUR
File Copy: C:\Apps\Internet\Inetnav\SARROWS.CUR
File Copy: C:\Apps\Internet\Inetnav\IRCWND.H
File Copy: C:\Apps\Internet\Inetnav\README.TXT
File Copy: C:\Apps\Internet\Inetnav\NEWS.H
File Copy: C:\Apps\Internet\Inetnav\STDAFX.H
File Copy: C:\Apps\Internet\Inetnav\SOCKET.CPP
File Copy: C:\Apps\Internet\Inetnav\NEWSDOC.CPP
File Copy: C:\Apps\Internet\Inetnav\PROPSHTS.CPP
File Copy: C:\Apps\Internet\Inetnav\INETNAV.VCW
File Copy: C:\Apps\Internet\Inetnav\PROPSHTS.H
File Copy: C:\Apps\Internet\Inetnav\PREFVIEW.H
File Copy: C:\Apps\Internet\Inetnav\PREFVIEW.CPP
File Copy: C:\Apps\Internet\Inetnav\PREFSDOC.H
File Copy: C:\Apps\Internet\Inetnav\PREFSDOC.CPP
File Copy: C:\Apps\Internet\Inetnav\PERCENT.H
File Copy: C:\Apps\Internet\Inetnav\DIALOGS.H
File Copy: C:\Apps\Internet\Inetnav\TEXT.H
File Copy: C:\Apps\Internet\Inetnav\MAILWND.CPP
File Copy: C:\Apps\Internet\Inetnav\MAINMENU.H
File Copy: C:\Apps\Internet\Inetnav\ASKSTAFF.H
File Copy: C:\Apps\Internet\Inetnav\MULTCOMP.CPP
File Copy: C:\Apps\Internet\Inetnav\MSGVIEW.CLP
File Copy: C:\Apps\Internet\Inetnav\MAKEHMAP.BAT
File Copy: C:\Apps\Internet\Inetnav\MOVE4WAY.CUR
File Copy: C:\Apps\Internet\Inetnav\MAKEHELP.BAT
File Copy: C:\Apps\Internet\Inetnav\MAINMENU.CPP
File Copy: C:\Apps\Internet\Inetnav\MAINFRM.H
File Copy: C:\Apps\Internet\Inetnav\MAINFRM.CPP
File Copy: C:\Apps\Internet\Inetnav\MAILLIST.CPP
File Copy: C:\Apps\Internet\Inetnav\MAIL.H
File Copy: C:\Apps\Internet\Inetnav\MAIL.CPP
File Copy: C:\Apps\Internet\Inetnav\WIZARDS.H
File Copy: C:\Apps\Internet\Inetnav\TOOLTIPB.CPP
File Copy: C:\Apps\Internet\Inetnav\TIPOFDAY.CPP
File Copy: C:\Apps\Internet\Inetnav\WHOISVW.H
File Copy: C:\Apps\Internet\Inetnav\WHOISDOC.CPP
File Copy: C:\Apps\Internet\Inetnav\STDAFX.CPP
File Copy: C:\Apps\Internet\Inetnav\IRCWND.CPP
File Copy: C:\Apps\Internet\Inetnav\IRCVIEW.CPP
File Copy: C:\Apps\Internet\Inetnav\IRCVIEW.H
File Copy: C:\Apps\Internet\Inetnav\TIPOFDAY.H
File Copy: C:\Apps\Internet\Inetnav\CONNECTD.CPP
File Copy: C:\Apps\Internet\Inetnav\IRCERRS.H
File Copy: C:\Apps\Internet\Inetnav\IRCDOC.H
File Copy: C:\Apps\Internet\Inetnav\IRCDOC.CPP
File Copy: C:\Apps\Internet\Inetnav\GOPHER.H
File Copy: C:\Apps\Internet\Inetnav\INETNAV.WSP
File Copy: C:\Apps\Internet\Inetnav\UPLOAD.TXT
File Copy: C:\Apps\Internet\Inetnav\WHOISDOC.H
File Copy: C:\Apps\Internet\Inetnav\DIALOGS.CPP
File Copy: C:\Apps\Internet\Inetnav\TOOLTIPB.H
File Copy: C:\Apps\Internet\Inetnav\FINGER.CPP
File Copy: C:\Apps\Internet\Inetnav\INETNAV.DEF
File Copy: C:\Apps\Internet\Inetnav\INETNAV.CLW
File Copy: C:\Apps\Internet\Inetnav\INSTALL.LOG
File Copy: C:\Apps\Internet\Inetnav\TRCK4WAY.CUR
File Copy: C:\Apps\Internet\Inetnav\HELPINFO.H
File Copy: C:\Apps\Internet\Inetnav\WIZARDS.CPP
File Copy: C:\Apps\Internet\Inetnav\WHOISVW.CPP
File Copy: C:\Apps\Internet\Inetnav\TRCKNS.CUR
File Copy: C:\Apps\Internet\Inetnav\TRCKWE.CUR
File Copy: C:\Apps\Internet\Inetnav\HELPINFO.CPP
File Copy: C:\Apps\Internet\Inetnav\ASKSTAFF.CPP
File Copy: C:\Apps\Internet\Inetnav\ERRNO.RC
File Copy: C:\Apps\Internet\Inetnav\TIPS.TXT
File Copy: C:\Apps\Internet\Inetnav\TRCKNESW.CUR
File Copy: C:\Apps\Internet\Inetnav\VARIABLE.CPP
File Copy: C:\Apps\Internet\Inetnav\HELP.CUR
File Copy: C:\Apps\Internet\Inetnav\WAITCUR.H
File Copy: C:\Apps\Internet\Inetnav\GOPHER.CPP
File Copy: C:\Apps\Internet\Inetnav\TRANBMP.CPP
File Copy: C:\Apps\Internet\Inetnav\FTP.H
File Copy: C:\Apps\Internet\Inetnav\WHOISWND.H
File Copy: C:\Apps\Internet\Inetnav\FOLDER.BMP
File Copy: C:\Apps\Internet\Inetnav\INETNAV.MAK
File Copy: C:\Apps\Internet\Inetnav\TRCKNWSE.CUR
File Copy: C:\Apps\Internet\Inetnav\FINGER.H
File Copy: C:\Apps\Internet\Inetnav\NODROP.CUR
File Copy: C:\Apps\Internet\Inetnav\TEXT.CPP
File Copy: C:\Apps\Internet\Inetnav\CONNECTD.H
File Copy: C:\Apps\Internet\Inetnav\APPD.H
File Copy: C:\Apps\Internet\Inetnav\APPD.CPP
File Copy: C:\Apps\Internet\Inetnav\SPLASH.H
File Copy: C:\Apps\Internet\Inetnav\COMMDLG.BMP
File Copy: C:\Apps\Internet\Inetnav\Inetnav.rc
File Copy: C:\Apps\Internet\Inetnav\Whoiswnd.cpp
File Copy: C:\Apps\Internet\Inetnav\INETNAV.EXE
File Copy: C:\Apps\Internet\Inetnav\Percent.cpp
File Copy: C:\Apps\Internet\Inetnav\Ftp.cpp
File Copy: C:\Apps\Internet\Inetnav\Inetnav.aps
File Copy: C:\Apps\Internet\Inetnav\Inetnav.cpp
File Copy: C:\Apps\Internet\Inetnav\resource.h
File Copy: C:\Apps\Internet\Inetnav\Inetnav.h
Made Dir: C:\Apps\Internet\Inetnav\RES
File Copy: C:\Apps\Internet\Inetnav\RES\INETBKUP.ICO
File Copy: C:\Apps\Internet\Inetnav\RES\GOPHDEFD.BMP
File Copy: C:\Apps\Internet\Inetnav\RES\GOPHDEFF.BMP
File Copy: C:\Apps\Internet\Inetnav\RES\AOL.ICO
File Copy: C:\Apps\Internet\Inetnav\RES\RECYCLE.ICO
File Copy: C:\Apps\Internet\Inetnav\RES\HELPBOOK.ICO
File Copy: C:\Apps\Internet\Inetnav\RES\SEARCHU.BMP
File Copy: C:\Apps\Internet\Inetnav\RES\NEWGROUP.ICO
File Copy: C:\Apps\Internet\Inetnav\RES\BACKF.BMP
File Copy: C:\Apps\Internet\Inetnav\RES\INTRFOLD.ICO
File Copy: C:\Apps\Internet\Inetnav\RES\MADDRD.BMP
File Copy: C:\Apps\Internet\Inetnav\RES\INBKUP2.ICO
File Copy: C:\Apps\Internet\Inetnav\RES\MINIINFO.BMP
File Copy: C:\Apps\Internet\Inetnav\RES\INTFOLD.BMP
File Copy: C:\Apps\Internet\Inetnav\RES\TRCKWE.CUR
File Copy: C:\Apps\Internet\Inetnav\RES\INETNAV.ICO
File Copy: C:\Apps\Internet\Inetnav\RES\BACKX.BMP
File Copy: C:\Apps\Internet\Inetnav\RES\INTRFILE.ICO
File Copy: C:\Apps\Internet\Inetnav\RES\GRPMANX.BMP
File Copy: C:\Apps\Internet\Inetnav\RES\SEARCHF.BMP
File Copy: C:\Apps\Internet\Inetnav\RES\GOPHDEFU.BMP
File Copy: C:\Apps\Internet\Inetnav\RES\WORLD.BMP
File Copy: C:\Apps\Internet\Inetnav\RES\PREFS.ICO
File Copy: C:\Apps\Internet\Inetnav\RES\CHOL.ICO
File Copy: C:\Apps\Internet\Inetnav\RES\CIS.BMP
File Copy: C:\Apps\Internet\Inetnav\RES\BACKU.BMP
File Copy: C:\Apps\Internet\Inetnav\RES\SEARCHD.BMP
File Copy: C:\Apps\Internet\Inetnav\RES\WHOISDOC.ICO
File Copy: C:\Apps\Internet\Inetnav\RES\TRCKNS.CUR
File Copy: C:\Apps\Internet\Inetnav\RES\OUTDOC.ICO
File Copy: C:\Apps\Internet\Inetnav\RES\TIPICON.ICO
File Copy: C:\Apps\Internet\Inetnav\RES\SPLITV.CUR
File Copy: C:\Apps\Internet\Inetnav\RES\TRCKNWSE.CUR
File Copy: C:\Apps\Internet\Inetnav\RES\MADDRU.BMP
File Copy: C:\Apps\Internet\Inetnav\RES\RULERU.BMP
File Copy: C:\Apps\Internet\Inetnav\RES\POFFICEX.BMP
File Copy: C:\Apps\Internet\Inetnav\RES\TEXTDOC.BMP
File Copy: C:\Apps\Internet\Inetnav\RES\SPLITH.CUR
File Copy: C:\Apps\Internet\Inetnav\RES\ASKSTAX.BMP
File Copy: C:\Apps\Internet\Inetnav\RES\SEARCH2.ICO
File Copy: C:\Apps\Internet\Inetnav\RES\PREFSF.BMP
File Copy: C:\Apps\Internet\Inetnav\RES\TRCKNESW.CUR
File Copy: C:\Apps\Internet\Inetnav\RES\POFFICEU.BMP
File Copy: C:\Apps\Internet\Inetnav\RES\SEARCH.ICO
File Copy: C:\Apps\Internet\Inetnav\RES\PLACES.BMP
File Copy: C:\Apps\Internet\Inetnav\RES\RULERX.BMP
File Copy: C:\Apps\Internet\Inetnav\RES\RULERF.BMP
File Copy: C:\Apps\Internet\Inetnav\RES\PREFSX.BMP
File Copy: C:\Apps\Internet\Inetnav\RES\PSSCROLL.BMP
File Copy: C:\Apps\Internet\Inetnav\RES\SARROWS.CUR
File Copy: C:\Apps\Internet\Inetnav\RES\ASKSTAD.BMP
File Copy: C:\Apps\Internet\Inetnav\RES\GOPHERU.BMP
File Copy: C:\Apps\Internet\Inetnav\RES\PREFSU.BMP
File Copy: C:\Apps\Internet\Inetnav\RES\PREFSD.BMP
File Copy: C:\Apps\Internet\Inetnav\RES\ASKSTAFU.BMP
File Copy: C:\Apps\Internet\Inetnav\RES\MAILFILE.BMP
File Copy: C:\Apps\Internet\Inetnav\RES\GRPMAND.BMP
File Copy: C:\Apps\Internet\Inetnav\RES\ASKSTAFD.BMP
File Copy: C:\Apps\Internet\Inetnav\RES\FINGEDOC.ICO
File Copy: C:\Apps\Internet\Inetnav\RES\ASKSTAFF.BMP
File Copy: C:\Apps\Internet\Inetnav\RES\PRODIGY.BMP
File Copy: C:\Apps\Internet\Inetnav\RES\GROUPMAN.ICO
File Copy: C:\Apps\Internet\Inetnav\RES\ARTICLE.ICO
File Copy: C:\Apps\Internet\Inetnav\RES\POFFICEF.BMP
File Copy: C:\Apps\Internet\Inetnav\RES\GOPHER.ICO
File Copy: C:\Apps\Internet\Inetnav\RES\RULERD.BMP
File Copy: C:\Apps\Internet\Inetnav\RES\NODROP.CUR
File Copy: C:\Apps\Internet\Inetnav\RES\AMEROL.BMP
File Copy: C:\Apps\Internet\Inetnav\RES\NEWSU.BMP
File Copy: C:\Apps\Internet\Inetnav\RES\NEWSF.BMP
File Copy: C:\Apps\Internet\Inetnav\RES\NEWMAIL.ICO
File Copy: C:\Apps\Internet\Inetnav\RES\MOVE4WAY.CUR
File Copy: C:\Apps\Internet\Inetnav\RES\MINIEART.BMP
File Copy: C:\Apps\Internet\Inetnav\RES\MESSAGE.ICO
File Copy: C:\Apps\Internet\Inetnav\RES\POFFICED.BMP
File Copy: C:\Apps\Internet\Inetnav\RES\MAILDOC.BMP
File Copy: C:\Apps\Internet\Inetnav\RES\MAILCOMP.ICO
File Copy: C:\Apps\Internet\Inetnav\RES\NEWSD.BMP
File Copy: C:\Apps\Internet\Inetnav\RES\NWSAREA.ICO
File Copy: C:\Apps\Internet\Inetnav\RES\MAILDOC.ICO
File Copy: C:\Apps\Internet\Inetnav\RES\WORLD.ICO
File Copy: C:\Apps\Internet\Inetnav\RES\OPEN.BMP
File Copy: C:\Apps\Internet\Inetnav\RES\NEWSX.BMP
File Copy: C:\Apps\Internet\Inetnav\RES\INETNAV.RC2
File Copy: C:\Apps\Internet\Inetnav\RES\GNN.BMP
File Copy: C:\Apps\Internet\Inetnav\RES\HELPX.BMP
File Copy: C:\Apps\Internet\Inetnav\RES\MAINFRM2.ICO
File Copy: C:\Apps\Internet\Inetnav\RES\HELPINFX.BMP
File Copy: C:\Apps\Internet\Inetnav\RES\HELPINFU.BMP
File Copy: C:\Apps\Internet\Inetnav\RES\HELPINFO.BMP
File Copy: C:\Apps\Internet\Inetnav\RES\BLANK.BMP
File Copy: C:\Apps\Internet\Inetnav\RES\IRCDOC.ICO
File Copy: C:\Apps\Internet\Inetnav\RES\HELPD.BMP
File Copy: C:\Apps\Internet\Inetnav\RES\HELP.CUR
File Copy: C:\Apps\Internet\Inetnav\RES\HELPINFF.BMP
File Copy: C:\Apps\Internet\Inetnav\RES\IRCDOC.BMP
File Copy: C:\Apps\Internet\Inetnav\RES\GRPMANU.BMP
File Copy: C:\Apps\Internet\Inetnav\RES\HELPF.BMP
File Copy: C:\Apps\Internet\Inetnav\RES\FINGEDOC.BMP
File Copy: C:\Apps\Internet\Inetnav\RES\GROUPMAN.BMP
File Copy: C:\Apps\Internet\Inetnav\RES\GOPHDEFX.BMP
File Copy: C:\Apps\Internet\Inetnav\RES\GOPHERX.BMP
File Copy: C:\Apps\Internet\Inetnav\RES\HELPU.BMP
File Copy: C:\Apps\Internet\Inetnav\RES\GOPHERD.BMP
File Copy: C:\Apps\Internet\Inetnav\RES\GOPHDOC.BMP
File Copy: C:\Apps\Internet\Inetnav\RES\NEWS.ICO
File Copy: C:\Apps\Internet\Inetnav\RES\HELPINFD.BMP
File Copy: C:\Apps\Internet\Inetnav\RES\GNN.ICO
File Copy: C:\Apps\Internet\Inetnav\RES\GOPHBKUP.ICO
File Copy: C:\Apps\Internet\Inetnav\RES\LINK.BMP
File Copy: C:\Apps\Internet\Inetnav\RES\FTPF.BMP
File Copy: C:\Apps\Internet\Inetnav\RES\GNNICO.BMP
File Copy: C:\Apps\Internet\Inetnav\RES\GRPMANF.BMP
File Copy: C:\Apps\Internet\Inetnav\RES\FTPDOC.BMP
File Copy: C:\Apps\Internet\Inetnav\RES\FTPD.BMP
File Copy: C:\Apps\Internet\Inetnav\RES\FTPBKUP.ICO
File Copy: C:\Apps\Internet\Inetnav\RES\GOPHERF.BMP
File Copy: C:\Apps\Internet\Inetnav\RES\FINGERU.BMP
File Copy: C:\Apps\Internet\Inetnav\RES\FINGERF.BMP
File Copy: C:\Apps\Internet\Inetnav\RES\FINGERD.BMP
File Copy: C:\Apps\Internet\Inetnav\RES\FTPU.BMP
File Copy: C:\Apps\Internet\Inetnav\RES\WHOISU.BMP
File Copy: C:\Apps\Internet\Inetnav\RES\MADDRX.BMP
File Copy: C:\Apps\Internet\Inetnav\RES\WHOISDOC.BMP
File Copy: C:\Apps\Internet\Inetnav\RES\WHOISX.BMP
File Copy: C:\Apps\Internet\Inetnav\RES\ARTSEL.ICO
File Copy: C:\Apps\Internet\Inetnav\RES\EXPLORE2.BMP
File Copy: C:\Apps\Internet\Inetnav\RES\FINGER.BMP
File Copy: C:\Apps\Internet\Inetnav\RES\WHOISD.BMP
File Copy: C:\Apps\Internet\Inetnav\RES\ADDRBOOK.ICO
File Copy: C:\Apps\Internet\Inetnav\RES\TEXTDOC.ICO
File Copy: C:\Apps\Internet\Inetnav\RES\FILE.BMP
File Copy: C:\Apps\Internet\Inetnav\RES\FTPDOC.ICO
File Copy: C:\Apps\Internet\Inetnav\RES\TOOLBAR.BMP
File Copy: C:\Apps\Internet\Inetnav\RES\NEWSCOMP.ICO
File Copy: C:\Apps\Internet\Inetnav\RES\EARTH.ICO
File Copy: C:\Apps\Internet\Inetnav\RES\CHATU.BMP
File Copy: C:\Apps\Internet\Inetnav\RES\FINGERX.BMP
File Copy: C:\Apps\Internet\Inetnav\RES\TRCK4WAY.CUR
File Copy: C:\Apps\Internet\Inetnav\RES\BLANKX.BMP
File Copy: C:\Apps\Internet\Inetnav\RES\HELPINFO.ICO
File Copy: C:\Apps\Internet\Inetnav\RES\GNNWORKS.BMP
File Copy: C:\Apps\Internet\Inetnav\RES\CHAT.BMP
File Copy: C:\Apps\Internet\Inetnav\RES\BTNTRI.BMP
File Copy: C:\Apps\Internet\Inetnav\RES\MADDRF.BMP
File Copy: C:\Apps\Internet\Inetnav\RES\CHATF.BMP
File Copy: C:\Apps\Internet\Inetnav\RES\FTPX.BMP
File Copy: C:\Apps\Internet\Inetnav\RES\INTFILE.BMP
File Copy: C:\Apps\Internet\Inetnav\RES\SEARCH.BMP
File Copy: C:\Apps\Internet\Inetnav\RES\WHOISF.BMP
File Copy: C:\Apps\Internet\Inetnav\RES\CHATX.BMP
File Copy: C:\Apps\Internet\Inetnav\RES\3DCHECK.BMP
File Copy: C:\Apps\Internet\Inetnav\RES\CHATD.BMP
File Copy: C:\Apps\Internet\Inetnav\RES\AOL.BMP
File Copy: C:\Apps\Internet\Inetnav\RES\MAINMENU.ICO
File Copy: C:\Apps\Internet\Inetnav\RES\EXPLORE1.BMP
File Copy: C:\Apps\Internet\Inetnav\RES\GOPHDOC.ICO
File Copy: C:\Apps\Internet\Inetnav\RES\WINSOCK.ICO
File Copy: C:\Apps\Internet\Inetnav\RES\SEARCHX.BMP
File Copy: C:\Apps\Internet\Inetnav\RES\ASKSTAFF.ICO
File Copy: C:\Apps\Internet\Inetnav\RES\BACKD.BMP
File Copy: C:\Apps\Internet\Inetnav\RES\ASKSTAF.BMP
File Copy: C:\Apps\Internet\Inetnav\RES\ASKSTAU.BMP
File Copy: C:\Apps\Internet\Inetnav\RES\Alert.bmp
Made Dir: C:\Apps\Internet\Inetnav\HLP
File Copy: C:\Apps\Internet\Inetnav\HLP\COMMANDS.RBH
File Copy: C:\Apps\Internet\Inetnav\HLP\WORLD.BMP
File Copy: C:\Apps\Internet\Inetnav\HLP\PROMPTS.doc
File Copy: C:\Apps\Internet\Inetnav\HLP\INETNAV.ERR
File Copy: C:\Apps\Internet\Inetnav\HLP\COMMANDS.doc
File Copy: C:\Apps\Internet\Inetnav\HLP\RHHC.BAT
File Copy: C:\Apps\Internet\Inetnav\HLP\INETNAV.HLP
File Copy: C:\Apps\Internet\Inetnav\HLP\AFXPRINT.RTF
File Copy: C:\Apps\Internet\Inetnav\HLP\INETNAV.HM
File Copy: C:\Apps\Internet\Inetnav\HLP\MAKEHMAP.BAT
File Copy: C:\Apps\Internet\Inetnav\HLP\AREAS.RBH
File Copy: C:\Apps\Internet\Inetnav\HLP\RHHC.PIF
File Copy: C:\Apps\Internet\Inetnav\HLP\AFXCORE.RTF
File Copy: C:\Apps\Internet\Inetnav\HLP\WHOIS.TXT
File Copy: C:\Apps\Internet\Inetnav\HLP\PROMPTS.RBH
File Copy: C:\Apps\Internet\Inetnav\HLP\INETNAV.RBH
File Copy: C:\Apps\Internet\Inetnav\HLP\GLOSSARY.RBH
File Copy: C:\Apps\Internet\Inetnav\HLP\DIALOGS.RBH
File Copy: C:\Apps\Internet\Inetnav\HLP\INETNAV.rtk
File Copy: C:\Apps\Internet\Inetnav\HLP\INETNAV.rtf
File Copy: C:\Apps\Internet\Inetnav\HLP\GLOSSARY.doc
File Copy: C:\Apps\Internet\Inetnav\HLP\DIALOGS.doc
File Copy: C:\Apps\Internet\Inetnav\HLP\AREAS.doc
File Copy: C:\Apps\Internet\Inetnav\HLP\INETNAV.doc
File Copy: C:\Apps\Internet\Inetnav\HLP\INETNAV.rta
File Copy: C:\Apps\Internet\Inetnav\HLP\INETNAV.rts
File Copy: C:\Apps\Internet\Inetnav\HLP\INETNAV.hpj
File Copy: C:\Apps\Internet\Inetnav\HLP\AREAS.rtk
File Copy: C:\Apps\Internet\Inetnav\HLP\AREAS.rtf
File Copy: C:\Apps\Internet\Inetnav\HLP\COMMANDS.rtk
File Copy: C:\Apps\Internet\Inetnav\HLP\AREAS.rta
File Copy: C:\Apps\Internet\Inetnav\HLP\AREAS.rts
File Copy: C:\Apps\Internet\Inetnav\HLP\COMMANDS.rtf
File Copy: C:\Apps\Internet\Inetnav\HLP\DIALOGS.rtk
File Copy: C:\Apps\Internet\Inetnav\HLP\COMMANDS.rta
File Copy: C:\Apps\Internet\Inetnav\HLP\COMMANDS.rts
File Copy: C:\Apps\Internet\Inetnav\HLP\DIALOGS.rtf
File Copy: C:\Apps\Internet\Inetnav\HLP\GLOSSARY.rtk
File Copy: C:\Apps\Internet\Inetnav\HLP\DIALOGS.rta
File Copy: C:\Apps\Internet\Inetnav\HLP\DIALOGS.rts
File Copy: C:\Apps\Internet\Inetnav\HLP\GLOSSARY.rtf
File Copy: C:\Apps\Internet\Inetnav\HLP\PROMPTS.rtk
File Copy: C:\Apps\Internet\Inetnav\HLP\GLOSSARY.rta
File Copy: C:\Apps\Internet\Inetnav\HLP\GLOSSARY.rts
File Copy: C:\Apps\Internet\Inetnav\HLP\PROMPTS.rtf
File Copy: C:\Apps\Internet\Inetnav\HLP\PROMPTS.rta
File Copy: C:\Apps\Internet\Inetnav\HLP\PROMPTS.rts
Made Dir: C:\Apps\Internet\Inetnav\HLP\BITMAPS
File Copy: C:\Apps\Internet\Inetnav\HLP\BITMAPS\EDITPAST.BMP
File Copy: C:\Apps\Internet\Inetnav\HLP\BITMAPS\BULLET.BMP
File Copy: C:\Apps\Internet\Inetnav\HLP\BITMAPS\EDITUNDO.BMP
File Copy: C:\Apps\Internet\Inetnav\HLP\BITMAPS\BLANK.BMP
File Copy: C:\Apps\Internet\Inetnav\HLP\BITMAPS\EDITCUT.BMP
File Copy: C:\Apps\Internet\Inetnav\HLP\BITMAPS\APPEXIT.BMP
File Copy: C:\Apps\Internet\Inetnav\HLP\BITMAPS\HELPCUR.BMP
File Copy: C:\Apps\Internet\Inetnav\HLP\BITMAPS\CURHELP.BMP
File Copy: C:\Apps\Internet\Inetnav\HLP\BITMAPS\CHICLET.BMP
File Copy: C:\Apps\Internet\Inetnav\HLP\BITMAPS\CHAT.BMP
File Copy: C:\Apps\Internet\Inetnav\HLP\BITMAPS\FTPBTN.BMP
File Copy: C:\Apps\Internet\Inetnav\HLP\BITMAPS\GOPHER.BMP
File Copy: C:\Apps\Internet\Inetnav\HLP\BITMAPS\CLOSED.BMP
File Copy: C:\Apps\Internet\Inetnav\HLP\BITMAPS\EMDASH.BMP
File Copy: C:\Apps\Internet\Inetnav\HLP\BITMAPS\FILEPRNT.BMP
File Copy: C:\Apps\Internet\Inetnav\HLP\BITMAPS\FILE.BMP
File Copy: C:\Apps\Internet\Inetnav\HLP\BITMAPS\FTPDOC.BMP
File Copy: C:\Apps\Internet\Inetnav\HLP\BITMAPS\AOLBTN.BMP
File Copy: C:\Apps\Internet\Inetnav\HLP\BITMAPS\EDITREDO.BMP
File Copy: C:\Apps\Internet\Inetnav\HLP\BITMAPS\FINGER.BMP
File Copy: C:\Apps\Internet\Inetnav\HLP\BITMAPS\CISBTN.BMP
File Copy: C:\Apps\Internet\Inetnav\HLP\BITMAPS\DOC.BMP
File Copy: C:\Apps\Internet\Inetnav\HLP\BITMAPS\CURARW2.BMP
File Copy: C:\Apps\Internet\Inetnav\HLP\BITMAPS\CURARW4.BMP
File Copy: C:\Apps\Internet\Inetnav\HLP\BITMAPS\EDITCOPY.BMP
File Copy: C:\Apps\Internet\Inetnav\HLP\BITMAPS\FAILCONN.BMP
File Copy: C:\Apps\Internet\Inetnav\HLP\BITMAPS\MAIL.BMP
File Copy: C:\Apps\Internet\Inetnav\HLP\BITMAPS\PRODBTN.BMP
File Copy: C:\Apps\Internet\Inetnav\HLP\BITMAPS\FILEOPEN.BMP
File Copy: C:\Apps\Internet\Inetnav\HLP\BITMAPS\HELPICON.BMP
File Copy: C:\Apps\Internet\Inetnav\HLP\BITMAPS\ICONSTOP.BMP
File Copy: C:\Apps\Internet\Inetnav\HLP\BITMAPS\HLPSBAR.BMP
File Copy: C:\Apps\Internet\Inetnav\HLP\BITMAPS\FILEPREV.BMP
File Copy: C:\Apps\Internet\Inetnav\HLP\BITMAPS\FILENEW.BMP
File Copy: C:\Apps\Internet\Inetnav\HLP\BITMAPS\GOPHBTN.BMP
File Copy: C:\Apps\Internet\Inetnav\HLP\BITMAPS\IRCBTN.BMP
File Copy: C:\Apps\Internet\Inetnav\HLP\BITMAPS\RESTORE.BMP
File Copy: C:\Apps\Internet\Inetnav\HLP\BITMAPS\FOLDER.BMP
File Copy: C:\Apps\Internet\Inetnav\HLP\BITMAPS\FILESAVE.BMP
File Copy: C:\Apps\Internet\Inetnav\HLP\BITMAPS\FINGEBTN.BMP
File Copy: C:\Apps\Internet\Inetnav\HLP\BITMAPS\FTP.BMP
File Copy: C:\Apps\Internet\Inetnav\HLP\BITMAPS\HELPINFO.BMP
File Copy: C:\Apps\Internet\Inetnav\HLP\BITMAPS\INETNAV.BMP
File Copy: C:\Apps\Internet\Inetnav\HLP\BITMAPS\PREFICON.BMP
File Copy: C:\Apps\Internet\Inetnav\HLP\BITMAPS\ICONINFO.BMP
File Copy: C:\Apps\Internet\Inetnav\HLP\BITMAPS\NEWS.BMP
File Copy: C:\Apps\Internet\Inetnav\HLP\BITMAPS\SCMAX.BMP
File Copy: C:\Apps\Internet\Inetnav\HLP\BITMAPS\PRNSETUP.BMP
File Copy: C:\Apps\Internet\Inetnav\HLP\BITMAPS\ICONQUES.BMP
File Copy: C:\Apps\Internet\Inetnav\HLP\BITMAPS\HLPTBAR.BMP
File Copy: C:\Apps\Internet\Inetnav\HLP\BITMAPS\MAINMENU.BMP
File Copy: C:\Apps\Internet\Inetnav\HLP\BITMAPS\PLUS.BMP
File Copy: C:\Apps\Internet\Inetnav\HLP\BITMAPS\MAILBTN.BMP
File Copy: C:\Apps\Internet\Inetnav\HLP\BITMAPS\LEAF.BMP
File Copy: C:\Apps\Internet\Inetnav\HLP\BITMAPS\ICONWARN.BMP
File Copy: C:\Apps\Internet\Inetnav\HLP\BITMAPS\MINIEART.BMP
File Copy: C:\Apps\Internet\Inetnav\HLP\BITMAPS\LINK.BMP
File Copy: C:\Apps\Internet\Inetnav\HLP\BITMAPS\NNTPBTN.BMP
File Copy: C:\Apps\Internet\Inetnav\HLP\BITMAPS\ASKSTAFF.BMP
File Copy: C:\Apps\Internet\Inetnav\HLP\BITMAPS\WHOIS.BMP
File Copy: C:\Apps\Internet\Inetnav\HLP\BITMAPS\SCMIN.BMP
File Copy: C:\Apps\Internet\Inetnav\HLP\BITMAPS\OPEN.BMP
File Copy: C:\Apps\Internet\Inetnav\HLP\BITMAPS\PAGESETU.BMP
File Copy: C:\Apps\Internet\Inetnav\HLP\BITMAPS\WORLD.BMP
File Copy: C:\Apps\Internet\Inetnav\HLP\BITMAPS\MINUS.BMP
File Copy: C:\Apps\Internet\Inetnav\HLP\BITMAPS\PREFS.BMP
File Copy: C:\Apps\Internet\Inetnav\HLP\BITMAPS\SCMENU.BMP
File Copy: C:\Apps\Internet\Inetnav\HLP\BITMAPS\TITLE.BMP
File Copy: C:\Apps\Internet\Inetnav\HLP\BITMAPS\WHOISBTN.BMP
File Copy: C:\Apps\Internet\Inetnav\HLP\BITMAPS\AMEROL.BMP
File Copy: C:\Apps\Internet\Inetnav\HLP\BITMAPS\MINIINFO.BMP
File Copy: C:\Apps\Internet\Inetnav\HLP\BITMAPS\CONTENTS.BMP
Made Dir: C:\Apps\Internet\Inetnav\HLP\README
File Copy: C:\Apps\Internet\Inetnav\HLP\README\RHHC.PIF
File Copy: C:\Apps\Internet\Inetnav\HLP\README\README.RBH
File Copy: C:\Apps\Internet\Inetnav\HLP\README\README.DOC
File Copy: C:\Apps\Internet\Inetnav\HLP\README\README.HLP
File Copy: C:\Apps\Internet\Inetnav\HLP\README\RHHC.BAT
File Copy: C:\Apps\Internet\Inetnav\HLP\README\README.HPJ
Made Dir: C:\Apps\Internet\Inetnav\HLP\SHG
File Copy: C:\Apps\Internet\Inetnav\HLP\SHG\IRCDLG.SHG
File Copy: C:\Apps\Internet\Inetnav\HLP\SHG\NWSETUP.SHG
File Copy: C:\Apps\Internet\Inetnav\HLP\SHG\MAILADDR.SHG
File Copy: C:\Apps\Internet\Inetnav\HLP\SHG\BOXWIZ1.SHG
File Copy: C:\Apps\Internet\Inetnav\HLP\SHG\ADDNWS.SHG
File Copy: C:\Apps\Internet\Inetnav\HLP\SHG\USERINFO.SHG
File Copy: C:\Apps\Internet\Inetnav\HLP\SHG\EDITFIND.SHG
File Copy: C:\Apps\Internet\Inetnav\HLP\SHG\WHOAREA.SHG
File Copy: C:\Apps\Internet\Inetnav\HLP\SHG\MAISETUP.SHG
File Copy: C:\Apps\Internet\Inetnav\HLP\SHG\FILESAVE.SHG
File Copy: C:\Apps\Internet\Inetnav\HLP\SHG\FINGAREA.SHG
File Copy: C:\Apps\Internet\Inetnav\HLP\SHG\FTPDLG.SHG
File Copy: C:\Apps\Internet\Inetnav\HLP\SHG\ADDRBK.SHG
File Copy: C:\Apps\Internet\Inetnav\HLP\SHG\DOWNLOAD.SHG
File Copy: C:\Apps\Internet\Inetnav\HLP\SHG\ARTAGE.SHG
File Copy: C:\Apps\Internet\Inetnav\HLP\SHG\APPEXIT.SHG
File Copy: C:\Apps\Internet\Inetnav\HLP\SHG\ADDADDR.SHG
File Copy: C:\Apps\Internet\Inetnav\HLP\SHG\NEWMAIL.SHG
File Copy: C:\Apps\Internet\Inetnav\HLP\SHG\DCONNECT.SHG
File Copy: C:\Apps\Internet\Inetnav\HLP\SHG\MAINMENU.SHG
File Copy: C:\Apps\Internet\Inetnav\HLP\SHG\FILEPRNT.SHG
File Copy: C:\Apps\Internet\Inetnav\HLP\SHG\CONNECT.SHG
File Copy: C:\Apps\Internet\Inetnav\HLP\SHG\TIPOFDAY.SHG
File Copy: C:\Apps\Internet\Inetnav\HLP\SHG\HELPAREA.SHG
File Copy: C:\Apps\Internet\Inetnav\HLP\SHG\FIND.SHG
File Copy: C:\Apps\Internet\Inetnav\HLP\SHG\FONTDLG.SHG
File Copy: C:\Apps\Internet\Inetnav\HLP\SHG\FILEOPEN.SHG
File Copy: C:\Apps\Internet\Inetnav\HLP\SHG\GOPHSITE.SHG
File Copy: C:\Apps\Internet\Inetnav\HLP\SHG\TRANDONE.SHG
File Copy: C:\Apps\Internet\Inetnav\HLP\SHG\PREFAREA.SHG
File Copy: C:\Apps\Internet\Inetnav\HLP\SHG\PRNSETUP.SHG
File Copy: C:\Apps\Internet\Inetnav\HLP\SHG\MAILCOMP.SHG
File Copy: C:\Apps\Internet\Inetnav\HLP\SHG\NEWBOX.SHG
File Copy: C:\Apps\Internet\Inetnav\HLP\SHG\GOPHAREA.SHG
File Copy: C:\Apps\Internet\Inetnav\HLP\SHG\BOXWIZ2.SHG
File Copy: C:\Apps\Internet\Inetnav\HLP\SHG\PRNTPREV.SHG
File Copy: C:\Apps\Internet\Inetnav\HLP\SHG\REPLACE.SHG
File Copy: C:\Apps\Internet\Inetnav\HLP\SHG\INETMAIL.SHG
File Copy: C:\Apps\Internet\Inetnav\HLP\SHG\ABOUTBOX.SHG
File Copy: C:\Apps\Internet\Inetnav\HLP\SHG\FEEDBK1.SHG
File Copy: C:\Apps\Internet\Inetnav\HLP\SHG\FEEDBK2.SHG
File Copy: C:\Apps\Internet\Inetnav\HLP\SHG\FEEDBK3.SHG
File Copy: C:\Apps\Internet\Inetnav\HLP\SHG\FEEDBK4.SHG
File Copy: C:\Apps\Internet\Inetnav\HLP\SHG\FEEDBK5.SHG
File Copy: C:\Apps\Internet\Inetnav\HLP\SHG\VIRUSCAN.SHG
File Copy: C:\Apps\Internet\Inetnav\HLP\SHG\MAILAREA.SHG
File Copy: C:\Apps\Internet\Inetnav\HLP\SHG\FTPAREA.SHG
File Copy: C:\Apps\Internet\Inetnav\HLP\SHG\GOPHHOME.SHG
File Copy: C:\Apps\Internet\Inetnav\HLP\SHG\ARTOPTS.SHG
File Copy: C:\Apps\Internet\Inetnav\HLP\SHG\NWSAREA.SHG
File Copy: C:\Apps\Internet\Inetnav\HLP\SHG\GROUPSEL.SHG
File Copy: C:\Apps\Internet\Inetnav\HLP\SHG\WELCOME.SHG
File Copy: C:\Apps\Internet\Inetnav\HLP\SHG\APPGEN.SHG
File Copy: C:\Apps\Internet\Inetnav\HLP\SHG\APPAREAS.SHG
File Copy: C:\Apps\Internet\Inetnav\HLP\SHG\FNGPREF.SHG
File Copy: C:\Apps\Internet\Inetnav\HLP\SHG\WHOPREF.SHG
File Copy: C:\Apps\Internet\Inetnav\HLP\SHG\FTPDIRS.SHG
File Copy: C:\Apps\Internet\Inetnav\HLP\SHG\FTPVIRUS.SHG
File Copy: C:\Apps\Internet\Inetnav\HLP\SHG\FTPPREF.SHG
File Copy: C:\Apps\Internet\Inetnav\HLP\SHG\IRCPREF.SHG
File Copy: C:\Apps\Internet\Inetnav\HLP\SHG\MAILPREF.SHG
File Copy: C:\Apps\Internet\Inetnav\HLP\SHG\NWSPREF.SHG
File Copy: C:\Apps\Internet\Inetnav\HLP\SHG\FILEDIR.SHG
File Copy: C:\Apps\Internet\Inetnav\HLP\SHG\GOPHPREF.SHG
File Copy: C:\Apps\Internet\Inetnav\HLP\SHG\BOXWIZ3.SHG
File Copy: C:\Apps\Internet\Inetnav\HLP\SHG\BOXWIZ4.SHG
File Copy: C:\Apps\Internet\Inetnav\HLP\SHG\BOXWIZ5.SHG
File Copy: C:\Apps\Internet\Inetnav\HLP\SHG\MAILSIG.SHG
File Copy: C:\Apps\Internet\Inetnav\HLP\SHG\BOXWIZ6.SHG
File Copy: C:\Apps\Internet\Inetnav\HLP\SHG\BOXWIZ7.SHG
File Copy: C:\Apps\Internet\Inetnav\HLP\SHG\MAILUSER.SHG
File Copy: C:\Apps\Internet\Inetnav\HLP\SHG\MAILMSG.SHG
File Copy: C:\Apps\Internet\Inetnav\HLP\SHG\FTPGREET.SHG
File Copy: C:\Apps\Internet\Inetnav\HLP\SHG\AOLDIR.SHG
File Copy: C:\Apps\Internet\Inetnav\HLP\SHG\ARTSEL.SHG
File Copy: C:\Apps\Internet\Inetnav\HLP\SHG\ARTICLE.SHG
File Copy: C:\Apps\Internet\Inetnav\HLP\SHG\PGSET1.SHG
File Copy: C:\Apps\Internet\Inetnav\HLP\SHG\PGSET2.SHG
File Copy: C:\Apps\Internet\Inetnav\HLP\SHG\EMLSETUP.SHG
File Copy: C:\Apps\Internet\Inetnav\HLP\SHG\NWSWIZ1.SHG
File Copy: C:\Apps\Internet\Inetnav\HLP\SHG\NWSWIZ2.SHG
File Copy: C:\Apps\Internet\Inetnav\HLP\SHG\NWSWIZ3.SHG
File Copy: C:\Apps\Internet\Inetnav\HLP\SHG\NWSWIZ4.SHG
File Copy: C:\Apps\Internet\Inetnav\HLP\SHG\NWSCOMP1.SHG
File Copy: C:\Apps\Internet\Inetnav\HLP\SHG\NWSCOMP3.SHG
File Copy: C:\Apps\Internet\Inetnav\HLP\SHG\NWSCOMP.SHG
File Copy: C:\Apps\Internet\Inetnav\HLP\SHG\NWSCOMP4.SHG
File Copy: C:\Apps\Internet\Inetnav\HLP\SHG\NWSCOMP5.SHG
File Copy: C:\Apps\Internet\Inetnav\HLP\SHG\NWSCOMP6.SHG
File Copy: C:\Apps\Internet\Inetnav\HLP\SHG\NEWSCOMP.SHG
File Copy: C:\Apps\Internet\Inetnav\HLP\SHG\FSHABORT.SHG
File Copy: C:\Apps\Internet\Inetnav\HLP\SHG\FSHBEGIN.SHG
File Copy: C:\Apps\Internet\Inetnav\HLP\SHG\COMPWIZ1.SHG
File Copy: C:\Apps\Internet\Inetnav\HLP\SHG\COMPWIZ2.SHG
File Copy: C:\Apps\Internet\Inetnav\HLP\SHG\COMPWIZ3.SHG
File Copy: C:\Apps\Internet\Inetnav\HLP\SHG\CHSRECIP.SHG
File Copy: C:\Apps\Internet\Inetnav\HLP\SHG\COMPWIZ4.SHG
File Copy: C:\Apps\Internet\Inetnav\HLP\SHG\COMPWIZ5.SHG
File Copy: C:\Apps\Internet\Inetnav\HLP\SHG\COMPWIZ6.SHG
File Copy: C:\Apps\Internet\Inetnav\HLP\SHG\FSHEND.SHG
File Copy: C:\Apps\Internet\Inetnav\HLP\SHG\SITEPROP.SHG
File Copy: C:\Apps\Internet\Inetnav\HLP\SHG\GHSEARCH.SHG
File Copy: C:\Apps\Internet\Inetnav\HLP\SHG\FTPPROP1.SHG
File Copy: C:\Apps\Internet\Inetnav\HLP\SHG\FTPPROP2.SHG
File Tree: C:\Apps\Internet\Inetnav\*.*
